2025-05-17 13:55:06,222 - uvicorn.error - INFO - Will watch for changes in these directories: ['C:\\Users\\rcroo\\Desktop\\SYNCER\\backend']
2025-05-17 13:55:06,224 - uvicorn.error - INFO - Uvicorn running on http://127.0.0.1:8000 (Press CTRL+C to quit)
2025-05-17 13:55:06,226 - uvicorn.error - INFO - Started reloader process [37040] using WatchFiles
2025-05-17 13:55:07,472 - uvicorn.error - INFO - Started server process [27528]
2025-05-17 13:55:07,474 - uvicorn.error - INFO - Waiting for application startup.
2025-05-17 13:55:07,475 - uvicorn.error - INFO - Application startup complete.
2025-05-17 13:57:10,942 - watchfiles.main - INFO - 1 change detected
2025-05-17 13:57:11,303 - watchfiles.main - INFO - 1 change detected
2025-05-17 13:57:11,659 - watchfiles.main - INFO - 1 change detected
2025-05-17 13:57:12,015 - watchfiles.main - INFO - 1 change detected
2025-05-17 13:57:12,373 - watchfiles.main - INFO - 1 change detected
2025-05-17 13:57:12,729 - watchfiles.main - INFO - 1 change detected
2025-05-17 13:57:13,087 - watchfiles.main - INFO - 1 change detected
2025-05-17 13:57:13,449 - watchfiles.main - INFO - 1 change detected
2025-05-17 13:57:13,802 - watchfiles.main - INFO - 1 change detected
2025-05-17 13:57:14,160 - watchfiles.main - INFO - 1 change detected
2025-05-17 13:57:14,520 - watchfiles.main - INFO - 1 change detected
2025-05-17 13:57:14,876 - watchfiles.main - INFO - 1 change detected
2025-05-17 13:57:15,238 - watchfiles.main - INFO - 1 change detected
2025-05-17 13:57:15,594 - watchfiles.main - INFO - 1 change detected
2025-05-17 13:57:15,953 - watchfiles.main - INFO - 1 change detected
2025-05-17 13:57:16,309 - watchfiles.main - INFO - 1 change detected
2025-05-17 13:57:16,667 - watchfiles.main - INFO - 1 change detected
2025-05-17 13:57:17,025 - watchfiles.main - INFO - 1 change detected
2025-05-17 13:57:17,384 - watchfiles.main - INFO - 1 change detected
2025-05-17 13:57:17,740 - watchfiles.main - INFO - 1 change detected
2025-05-17 13:57:18,100 - watchfiles.main - INFO - 1 change detected
2025-05-17 13:57:18,459 - watchfiles.main - INFO - 1 change detected
2025-05-17 13:57:18,819 - watchfiles.main - INFO - 1 change detected
2025-05-17 13:57:19,176 - watchfiles.main - INFO - 1 change detected
2025-05-17 13:57:19,534 - watchfiles.main - INFO - 1 change detected
2025-05-17 13:57:19,892 - watchfiles.main - INFO - 1 change detected
2025-05-17 13:57:20,252 - watchfiles.main - INFO - 1 change detected
2025-05-17 13:57:20,608 - watchfiles.main - INFO - 1 change detected
2025-05-17 13:57:20,965 - watchfiles.main - INFO - 1 change detected
2025-05-17 13:57:21,321 - watchfiles.main - INFO - 1 change detected
2025-05-17 13:57:21,677 - watchfiles.main - INFO - 1 change detected
2025-05-17 13:57:22,033 - watchfiles.main - INFO - 1 change detected
2025-05-17 13:57:22,391 - watchfiles.main - INFO - 1 change detected
2025-05-17 13:57:22,747 - watchfiles.main - INFO - 1 change detected
2025-05-17 13:57:23,106 - watchfiles.main - INFO - 1 change detected
2025-05-17 13:57:23,465 - watchfiles.main - INFO - 1 change detected
2025-05-17 13:57:23,824 - watchfiles.main - INFO - 1 change detected
2025-05-17 13:57:24,184 - watchfiles.main - INFO - 1 change detected
2025-05-17 13:57:24,540 - watchfiles.main - INFO - 1 change detected
2025-05-17 13:57:24,898 - watchfiles.main - INFO - 1 change detected
2025-05-17 13:57:25,258 - watchfiles.main - INFO - 1 change detected
2025-05-17 13:57:25,617 - watchfiles.main - INFO - 1 change detected
2025-05-17 13:57:25,973 - watchfiles.main - INFO - 1 change detected
2025-05-17 13:57:26,333 - watchfiles.main - INFO - 1 change detected
2025-05-17 13:57:26,692 - watchfiles.main - INFO - 1 change detected
2025-05-17 13:57:27,050 - watchfiles.main - INFO - 1 change detected
2025-05-17 13:57:27,408 - watchfiles.main - INFO - 1 change detected
2025-05-17 13:57:27,765 - watchfiles.main - INFO - 1 change detected
2025-05-17 13:57:28,122 - watchfiles.main - INFO - 1 change detected
2025-05-17 13:57:28,479 - watchfiles.main - INFO - 1 change detected
2025-05-17 13:57:28,835 - watchfiles.main - INFO - 1 change detected
2025-05-17 13:57:29,191 - watchfiles.main - INFO - 1 change detected
2025-05-17 13:57:29,549 - watchfiles.main - INFO - 1 change detected
2025-05-17 13:57:29,905 - watchfiles.main - INFO - 1 change detected
2025-05-17 13:57:30,263 - watchfiles.main - INFO - 1 change detected
2025-05-17 13:57:30,619 - watchfiles.main - INFO - 1 change detected
2025-05-17 13:57:30,977 - watchfiles.main - INFO - 1 change detected
2025-05-17 13:57:31,335 - watchfiles.main - INFO - 1 change detected
2025-05-17 13:57:31,691 - watchfiles.main - INFO - 1 change detected
2025-05-17 13:57:32,047 - watchfiles.main - INFO - 1 change detected
2025-05-17 13:57:32,405 - watchfiles.main - INFO - 1 change detected
2025-05-17 13:57:32,761 - watchfiles.main - INFO - 1 change detected
2025-05-17 13:57:33,121 - watchfiles.main - INFO - 1 change detected
2025-05-17 13:57:33,481 - watchfiles.main - INFO - 1 change detected
2025-05-17 13:57:33,836 - watchfiles.main - INFO - 1 change detected
2025-05-17 13:57:34,192 - watchfiles.main - INFO - 1 change detected
2025-05-17 13:57:34,545 - watchfiles.main - INFO - 1 change detected
2025-05-17 13:57:34,901 - watchfiles.main - INFO - 1 change detected
2025-05-17 13:57:35,258 - watchfiles.main - INFO - 1 change detected
2025-05-17 13:57:35,612 - watchfiles.main - INFO - 1 change detected
2025-05-17 13:57:35,970 - watchfiles.main - INFO - 1 change detected
2025-05-17 13:57:36,331 - watchfiles.main - INFO - 1 change detected
2025-05-17 13:57:36,687 - watchfiles.main - INFO - 1 change detected
2025-05-17 13:57:37,043 - watchfiles.main - INFO - 1 change detected
2025-05-17 13:57:37,400 - watchfiles.main - INFO - 1 change detected
2025-05-17 13:57:37,758 - watchfiles.main - INFO - 1 change detected
2025-05-17 13:57:38,115 - watchfiles.main - INFO - 1 change detected
2025-05-17 13:57:38,470 - watchfiles.main - INFO - 1 change detected
2025-05-17 13:57:38,826 - watchfiles.main - INFO - 1 change detected
2025-05-17 13:57:39,183 - watchfiles.main - INFO - 1 change detected
2025-05-17 13:57:39,539 - watchfiles.main - INFO - 1 change detected
2025-05-17 13:57:39,896 - watchfiles.main - INFO - 1 change detected
2025-05-17 13:57:40,252 - watchfiles.main - INFO - 1 change detected
2025-05-17 13:57:40,610 - watchfiles.main - INFO - 1 change detected
2025-05-17 13:57:40,967 - watchfiles.main - INFO - 1 change detected
2025-05-17 13:57:41,326 - watchfiles.main - INFO - 1 change detected
2025-05-17 13:57:41,686 - watchfiles.main - INFO - 1 change detected
2025-05-17 13:57:42,044 - watchfiles.main - INFO - 1 change detected
2025-05-17 13:57:42,399 - watchfiles.main - INFO - 1 change detected
2025-05-17 13:57:42,751 - watchfiles.main - INFO - 1 change detected
2025-05-17 13:57:43,108 - watchfiles.main - INFO - 1 change detected
2025-05-17 13:57:43,465 - watchfiles.main - INFO - 1 change detected
2025-05-17 13:57:43,820 - watchfiles.main - INFO - 1 change detected
2025-05-17 13:57:44,174 - watchfiles.main - INFO - 1 change detected
2025-05-17 13:57:44,528 - watchfiles.main - INFO - 1 change detected
2025-05-17 13:57:44,884 - watchfiles.main - INFO - 1 change detected
2025-05-17 13:57:45,241 - watchfiles.main - INFO - 1 change detected
2025-05-17 13:57:45,599 - watchfiles.main - INFO - 1 change detected
2025-05-17 13:57:45,952 - watchfiles.main - INFO - 1 change detected
2025-05-17 13:57:46,308 - watchfiles.main - INFO - 1 change detected
2025-05-17 13:57:46,663 - watchfiles.main - INFO - 1 change detected
2025-05-17 13:57:47,017 - watchfiles.main - INFO - 1 change detected
2025-05-17 13:57:47,371 - watchfiles.main - INFO - 1 change detected
2025-05-17 13:57:47,728 - watchfiles.main - INFO - 1 change detected
2025-05-17 13:57:48,083 - watchfiles.main - INFO - 1 change detected
2025-05-17 13:57:48,441 - watchfiles.main - INFO - 1 change detected
2025-05-17 13:57:48,793 - watchfiles.main - INFO - 1 change detected
2025-05-17 13:57:49,149 - watchfiles.main - INFO - 1 change detected
2025-05-17 13:57:49,503 - watchfiles.main - INFO - 1 change detected
2025-05-17 13:57:49,862 - watchfiles.main - INFO - 1 change detected
2025-05-17 13:57:50,218 - watchfiles.main - INFO - 1 change detected
2025-05-17 13:57:50,575 - watchfiles.main - INFO - 1 change detected
2025-05-17 13:57:50,932 - watchfiles.main - INFO - 1 change detected
2025-05-17 13:57:51,293 - watchfiles.main - INFO - 1 change detected
2025-05-17 13:57:51,649 - watchfiles.main - INFO - 1 change detected
2025-05-17 13:57:52,003 - watchfiles.main - INFO - 1 change detected
2025-05-17 13:57:52,361 - watchfiles.main - INFO - 1 change detected
2025-05-17 13:57:52,721 - watchfiles.main - INFO - 1 change detected
2025-05-17 13:57:53,079 - watchfiles.main - INFO - 1 change detected
2025-05-17 13:57:53,437 - watchfiles.main - INFO - 1 change detected
2025-05-17 13:57:53,794 - watchfiles.main - INFO - 1 change detected
2025-05-17 13:57:54,148 - watchfiles.main - INFO - 1 change detected
2025-05-17 13:57:54,502 - watchfiles.main - INFO - 1 change detected
2025-05-17 13:57:54,858 - watchfiles.main - INFO - 1 change detected
2025-05-17 13:57:55,215 - watchfiles.main - INFO - 1 change detected
2025-05-17 13:57:55,573 - watchfiles.main - INFO - 1 change detected
2025-05-17 13:57:55,927 - watchfiles.main - INFO - 1 change detected
2025-05-17 13:57:56,281 - watchfiles.main - INFO - 1 change detected
2025-05-17 13:57:56,639 - watchfiles.main - INFO - 1 change detected
2025-05-17 13:57:56,994 - watchfiles.main - INFO - 1 change detected
2025-05-17 13:57:57,351 - watchfiles.main - INFO - 1 change detected
2025-05-17 13:57:57,704 - watchfiles.main - INFO - 1 change detected
2025-05-17 13:57:58,060 - watchfiles.main - INFO - 1 change detected
2025-05-17 13:57:58,415 - watchfiles.main - INFO - 1 change detected
2025-05-17 13:57:58,773 - watchfiles.main - INFO - 1 change detected
2025-05-17 13:57:59,130 - watchfiles.main - INFO - 1 change detected
2025-05-17 13:57:59,488 - watchfiles.main - INFO - 1 change detected
2025-05-17 13:57:59,845 - watchfiles.main - INFO - 1 change detected
2025-05-17 13:58:00,202 - watchfiles.main - INFO - 1 change detected
2025-05-17 13:58:00,566 - watchfiles.main - INFO - 1 change detected
2025-05-17 13:58:00,923 - watchfiles.main - INFO - 1 change detected
2025-05-17 13:58:01,280 - watchfiles.main - INFO - 1 change detected
2025-05-17 13:58:01,641 - watchfiles.main - INFO - 1 change detected
2025-05-17 13:58:02,000 - watchfiles.main - INFO - 1 change detected
2025-05-17 13:58:02,361 - watchfiles.main - INFO - 1 change detected
2025-05-17 13:58:02,718 - watchfiles.main - INFO - 1 change detected
2025-05-17 13:58:03,080 - watchfiles.main - INFO - 1 change detected
2025-05-17 13:58:03,439 - watchfiles.main - INFO - 1 change detected
2025-05-17 13:58:03,795 - watchfiles.main - INFO - 1 change detected
2025-05-17 13:58:04,151 - watchfiles.main - INFO - 1 change detected
2025-05-17 13:58:04,508 - watchfiles.main - INFO - 1 change detected
2025-05-17 13:58:04,863 - watchfiles.main - INFO - 1 change detected
2025-05-17 13:58:05,217 - watchfiles.main - INFO - 1 change detected
2025-05-17 13:58:05,573 - watchfiles.main - INFO - 1 change detected
2025-05-17 13:58:05,926 - watchfiles.main - INFO - 1 change detected
2025-05-17 13:58:06,281 - watchfiles.main - INFO - 1 change detected
2025-05-17 13:58:06,637 - watchfiles.main - INFO - 1 change detected
2025-05-17 13:58:07,000 - watchfiles.main - INFO - 1 change detected
2025-05-17 13:58:07,363 - watchfiles.main - INFO - 1 change detected
2025-05-17 13:58:07,719 - watchfiles.main - INFO - 1 change detected
2025-05-17 13:58:08,073 - watchfiles.main - INFO - 1 change detected
2025-05-17 13:58:08,433 - watchfiles.main - INFO - 1 change detected
2025-05-17 13:58:08,790 - watchfiles.main - INFO - 1 change detected
2025-05-17 13:58:09,144 - watchfiles.main - INFO - 1 change detected
2025-05-17 13:58:09,500 - watchfiles.main - INFO - 1 change detected
2025-05-17 13:58:09,854 - watchfiles.main - INFO - 1 change detected
2025-05-17 13:58:10,209 - watchfiles.main - INFO - 1 change detected
2025-05-17 13:58:10,568 - watchfiles.main - INFO - 1 change detected
2025-05-17 13:58:10,925 - watchfiles.main - INFO - 1 change detected
2025-05-17 13:58:11,286 - watchfiles.main - INFO - 1 change detected
2025-05-17 13:58:11,645 - watchfiles.main - INFO - 1 change detected
2025-05-17 13:58:12,005 - watchfiles.main - INFO - 1 change detected
2025-05-17 13:58:12,363 - watchfiles.main - INFO - 1 change detected
2025-05-17 13:58:12,718 - watchfiles.main - INFO - 1 change detected
2025-05-17 13:58:13,075 - watchfiles.main - INFO - 1 change detected
2025-05-17 13:58:13,432 - watchfiles.main - INFO - 1 change detected
2025-05-17 13:58:13,794 - watchfiles.main - INFO - 1 change detected
2025-05-17 13:58:14,151 - watchfiles.main - INFO - 1 change detected
2025-05-17 13:58:14,507 - watchfiles.main - INFO - 1 change detected
2025-05-17 13:58:14,868 - watchfiles.main - INFO - 1 change detected
2025-05-17 13:58:15,225 - watchfiles.main - INFO - 1 change detected
2025-05-17 13:58:15,583 - watchfiles.main - INFO - 1 change detected
2025-05-17 13:58:15,941 - watchfiles.main - INFO - 1 change detected
2025-05-17 13:58:16,300 - watchfiles.main - INFO - 1 change detected
2025-05-17 13:58:16,658 - watchfiles.main - INFO - 1 change detected
2025-05-17 13:58:17,013 - watchfiles.main - INFO - 1 change detected
2025-05-17 13:58:17,371 - watchfiles.main - INFO - 1 change detected
2025-05-17 13:58:17,730 - watchfiles.main - INFO - 1 change detected
2025-05-17 13:58:18,091 - watchfiles.main - INFO - 1 change detected
2025-05-17 13:58:18,449 - watchfiles.main - INFO - 1 change detected
2025-05-17 13:58:18,807 - watchfiles.main - INFO - 1 change detected
2025-05-17 13:58:19,162 - watchfiles.main - INFO - 1 change detected
2025-05-17 13:58:19,524 - watchfiles.main - INFO - 1 change detected
2025-05-17 13:58:19,880 - watchfiles.main - INFO - 1 change detected
2025-05-17 13:58:20,238 - watchfiles.main - INFO - 1 change detected
2025-05-17 13:58:20,595 - watchfiles.main - INFO - 1 change detected
2025-05-17 13:58:20,947 - watchfiles.main - INFO - 1 change detected
2025-05-17 13:58:21,305 - watchfiles.main - INFO - 1 change detected
2025-05-17 13:58:21,665 - watchfiles.main - INFO - 1 change detected
2025-05-17 13:58:22,022 - watchfiles.main - INFO - 1 change detected
2025-05-17 13:58:22,381 - watchfiles.main - INFO - 1 change detected
2025-05-17 13:58:22,738 - watchfiles.main - INFO - 1 change detected
2025-05-17 13:58:23,094 - watchfiles.main - INFO - 1 change detected
2025-05-17 13:58:23,451 - watchfiles.main - INFO - 1 change detected
2025-05-17 13:58:23,812 - watchfiles.main - INFO - 1 change detected
2025-05-17 13:58:24,170 - watchfiles.main - INFO - 1 change detected
2025-05-17 13:58:24,524 - watchfiles.main - INFO - 1 change detected
2025-05-17 13:58:24,879 - watchfiles.main - INFO - 1 change detected
2025-05-17 13:58:25,240 - watchfiles.main - INFO - 1 change detected
2025-05-17 13:58:25,596 - watchfiles.main - INFO - 1 change detected
2025-05-17 13:58:25,953 - watchfiles.main - INFO - 1 change detected
2025-05-17 13:58:26,309 - watchfiles.main - INFO - 1 change detected
2025-05-17 13:58:26,664 - watchfiles.main - INFO - 1 change detected
2025-05-17 13:58:27,023 - watchfiles.main - INFO - 1 change detected
2025-05-17 13:58:27,382 - watchfiles.main - INFO - 1 change detected
2025-05-17 13:58:27,737 - watchfiles.main - INFO - 1 change detected
2025-05-17 13:58:28,096 - watchfiles.main - INFO - 1 change detected
2025-05-17 13:58:28,457 - watchfiles.main - INFO - 1 change detected
2025-05-17 13:58:28,815 - watchfiles.main - INFO - 1 change detected
2025-05-17 13:58:29,171 - watchfiles.main - INFO - 1 change detected
2025-05-17 13:58:29,531 - watchfiles.main - INFO - 1 change detected
2025-05-17 13:58:29,885 - watchfiles.main - INFO - 1 change detected
2025-05-17 13:58:30,246 - watchfiles.main - INFO - 1 change detected
2025-05-17 13:58:30,604 - watchfiles.main - INFO - 1 change detected
2025-05-17 13:58:30,959 - watchfiles.main - INFO - 1 change detected
2025-05-17 13:58:31,313 - watchfiles.main - INFO - 1 change detected
2025-05-17 13:58:31,671 - watchfiles.main - INFO - 1 change detected
2025-05-17 13:58:32,029 - watchfiles.main - INFO - 1 change detected
2025-05-17 13:58:32,388 - watchfiles.main - INFO - 1 change detected
2025-05-17 13:58:32,747 - watchfiles.main - INFO - 1 change detected
2025-05-17 13:58:33,103 - watchfiles.main - INFO - 1 change detected
2025-05-17 13:58:33,456 - watchfiles.main - INFO - 1 change detected
2025-05-17 13:58:33,815 - watchfiles.main - INFO - 1 change detected
2025-05-17 13:58:34,173 - watchfiles.main - INFO - 1 change detected
2025-05-17 13:58:34,302 - uvicorn.error - INFO - Shutting down
2025-05-17 13:58:34,411 - uvicorn.error - INFO - Waiting for application shutdown.
2025-05-17 13:58:34,412 - uvicorn.error - INFO - Application shutdown complete.
2025-05-17 13:58:34,412 - uvicorn.error - INFO - Finished server process [27528]
2025-05-17 13:58:34,507 - uvicorn.error - INFO - Stopping reloader process [37040]
2025-05-17 13:58:37,354 - uvicorn.error - INFO - Will watch for changes in these directories: ['C:\\Users\\rcroo\\Desktop\\SYNCER\\backend']
2025-05-17 13:58:37,356 - uvicorn.error - INFO - Uvicorn running on http://127.0.0.1:8000 (Press CTRL+C to quit)
2025-05-17 13:58:37,357 - uvicorn.error - INFO - Started reloader process [37764] using WatchFiles
2025-05-17 13:58:38,547 - uvicorn.error - INFO - Started server process [33276]
2025-05-17 13:58:38,548 - uvicorn.error - INFO - Waiting for application startup.
2025-05-17 13:58:38,549 - uvicorn.error - INFO - Application startup complete.
2025-05-17 14:02:10,955 - watchfiles.main - INFO - 1 change detected
2025-05-17 14:02:11,314 - watchfiles.main - INFO - 1 change detected
2025-05-17 14:02:11,671 - watchfiles.main - INFO - 1 change detected
2025-05-17 14:02:12,026 - watchfiles.main - INFO - 1 change detected
2025-05-17 14:02:12,383 - watchfiles.main - INFO - 1 change detected
2025-05-17 14:02:12,738 - watchfiles.main - INFO - 1 change detected
2025-05-17 14:02:13,093 - watchfiles.main - INFO - 1 change detected
2025-05-17 14:02:13,449 - watchfiles.main - INFO - 1 change detected
2025-05-17 14:02:13,803 - watchfiles.main - INFO - 1 change detected
2025-05-17 14:02:14,159 - watchfiles.main - INFO - 1 change detected
2025-05-17 14:02:14,516 - watchfiles.main - INFO - 1 change detected
2025-05-17 14:02:14,876 - watchfiles.main - INFO - 1 change detected
2025-05-17 14:02:15,232 - watchfiles.main - INFO - 1 change detected
2025-05-17 14:02:15,591 - watchfiles.main - INFO - 1 change detected
2025-05-17 14:02:15,950 - watchfiles.main - INFO - 1 change detected
2025-05-17 14:02:16,306 - watchfiles.main - INFO - 1 change detected
2025-05-17 14:02:16,661 - watchfiles.main - INFO - 1 change detected
2025-05-17 14:02:17,020 - watchfiles.main - INFO - 1 change detected
2025-05-17 14:02:17,378 - watchfiles.main - INFO - 1 change detected
2025-05-17 14:02:17,737 - watchfiles.main - INFO - 1 change detected
2025-05-17 14:02:18,094 - watchfiles.main - INFO - 1 change detected
2025-05-17 14:02:18,455 - watchfiles.main - INFO - 1 change detected
2025-05-17 14:02:18,811 - watchfiles.main - INFO - 1 change detected
2025-05-17 14:02:19,170 - watchfiles.main - INFO - 1 change detected
2025-05-17 14:02:19,526 - watchfiles.main - INFO - 1 change detected
2025-05-17 14:02:19,882 - watchfiles.main - INFO - 1 change detected
2025-05-17 14:02:20,243 - watchfiles.main - INFO - 1 change detected
2025-05-17 14:02:20,600 - watchfiles.main - INFO - 1 change detected
2025-05-17 14:02:20,958 - watchfiles.main - INFO - 1 change detected
2025-05-17 14:02:21,314 - watchfiles.main - INFO - 1 change detected
2025-05-17 14:02:21,673 - watchfiles.main - INFO - 1 change detected
2025-05-17 14:02:22,031 - watchfiles.main - INFO - 1 change detected
2025-05-17 14:02:22,390 - watchfiles.main - INFO - 1 change detected
2025-05-17 14:02:22,747 - watchfiles.main - INFO - 1 change detected
2025-05-17 14:02:23,106 - watchfiles.main - INFO - 1 change detected
2025-05-17 14:02:23,466 - watchfiles.main - INFO - 1 change detected
2025-05-17 14:02:23,827 - watchfiles.main - INFO - 1 change detected
2025-05-17 14:02:24,185 - watchfiles.main - INFO - 1 change detected
2025-05-17 14:02:24,545 - watchfiles.main - INFO - 1 change detected
2025-05-17 14:02:24,900 - watchfiles.main - INFO - 1 change detected
2025-05-17 14:02:25,258 - watchfiles.main - INFO - 1 change detected
2025-05-17 14:02:25,618 - watchfiles.main - INFO - 1 change detected
2025-05-17 14:02:25,978 - watchfiles.main - INFO - 1 change detected
2025-05-17 14:02:26,334 - watchfiles.main - INFO - 1 change detected
2025-05-17 14:02:26,693 - watchfiles.main - INFO - 1 change detected
2025-05-17 14:02:27,056 - watchfiles.main - INFO - 1 change detected
2025-05-17 14:02:27,416 - watchfiles.main - INFO - 1 change detected
2025-05-17 14:02:27,772 - watchfiles.main - INFO - 1 change detected
2025-05-17 14:02:28,131 - watchfiles.main - INFO - 1 change detected
2025-05-17 14:02:28,491 - watchfiles.main - INFO - 1 change detected
2025-05-17 14:02:28,847 - watchfiles.main - INFO - 1 change detected
2025-05-17 14:02:29,203 - watchfiles.main - INFO - 1 change detected
2025-05-17 14:02:29,561 - watchfiles.main - INFO - 1 change detected
2025-05-17 14:02:29,920 - watchfiles.main - INFO - 1 change detected
2025-05-17 14:02:30,279 - watchfiles.main - INFO - 1 change detected
2025-05-17 14:02:30,639 - watchfiles.main - INFO - 1 change detected
2025-05-17 14:02:30,996 - watchfiles.main - INFO - 1 change detected
2025-05-17 14:02:31,355 - watchfiles.main - INFO - 1 change detected
2025-05-17 14:02:31,715 - watchfiles.main - INFO - 1 change detected
2025-05-17 14:02:32,071 - watchfiles.main - INFO - 1 change detected
2025-05-17 14:02:32,427 - watchfiles.main - INFO - 1 change detected
2025-05-17 14:02:32,782 - watchfiles.main - INFO - 1 change detected
2025-05-17 14:02:33,136 - watchfiles.main - INFO - 1 change detected
2025-05-17 14:02:33,490 - watchfiles.main - INFO - 1 change detected
2025-05-17 14:02:33,849 - watchfiles.main - INFO - 1 change detected
2025-05-17 14:02:34,205 - watchfiles.main - INFO - 1 change detected
2025-05-17 14:02:34,565 - watchfiles.main - INFO - 1 change detected
2025-05-17 14:02:34,924 - watchfiles.main - INFO - 1 change detected
2025-05-17 14:02:35,281 - watchfiles.main - INFO - 1 change detected
2025-05-17 14:02:35,640 - watchfiles.main - INFO - 1 change detected
2025-05-17 14:02:35,999 - watchfiles.main - INFO - 1 change detected
2025-05-17 14:02:36,359 - watchfiles.main - INFO - 1 change detected
2025-05-17 14:02:36,716 - watchfiles.main - INFO - 1 change detected
2025-05-17 14:02:37,073 - watchfiles.main - INFO - 1 change detected
2025-05-17 14:02:37,435 - watchfiles.main - INFO - 1 change detected
2025-05-17 14:02:37,794 - watchfiles.main - INFO - 1 change detected
2025-05-17 14:02:38,155 - watchfiles.main - INFO - 1 change detected
2025-05-17 14:02:38,512 - watchfiles.main - INFO - 1 change detected
2025-05-17 14:02:38,872 - watchfiles.main - INFO - 1 change detected
2025-05-17 14:02:39,226 - watchfiles.main - INFO - 1 change detected
2025-05-17 14:02:39,585 - watchfiles.main - INFO - 1 change detected
2025-05-17 14:02:39,946 - watchfiles.main - INFO - 1 change detected
2025-05-17 14:02:40,304 - watchfiles.main - INFO - 1 change detected
2025-05-17 14:02:40,665 - watchfiles.main - INFO - 1 change detected
2025-05-17 14:02:41,020 - watchfiles.main - INFO - 1 change detected
2025-05-17 14:02:41,380 - watchfiles.main - INFO - 1 change detected
2025-05-17 14:02:41,737 - watchfiles.main - INFO - 1 change detected
2025-05-17 14:02:42,092 - watchfiles.main - INFO - 1 change detected
2025-05-17 14:02:42,453 - watchfiles.main - INFO - 1 change detected
2025-05-17 14:02:42,812 - watchfiles.main - INFO - 1 change detected
2025-05-17 14:02:43,172 - watchfiles.main - INFO - 1 change detected
2025-05-17 14:02:43,530 - watchfiles.main - INFO - 1 change detected
2025-05-17 14:02:43,889 - watchfiles.main - INFO - 1 change detected
2025-05-17 14:02:44,242 - watchfiles.main - INFO - 1 change detected
2025-05-17 14:02:44,601 - watchfiles.main - INFO - 1 change detected
2025-05-17 14:02:44,960 - watchfiles.main - INFO - 1 change detected
2025-05-17 14:02:45,316 - watchfiles.main - INFO - 1 change detected
2025-05-17 14:02:45,674 - watchfiles.main - INFO - 1 change detected
2025-05-17 14:02:46,033 - watchfiles.main - INFO - 1 change detected
2025-05-17 14:02:46,391 - watchfiles.main - INFO - 1 change detected
2025-05-17 14:02:46,750 - watchfiles.main - INFO - 1 change detected
2025-05-17 14:02:47,107 - watchfiles.main - INFO - 1 change detected
2025-05-17 14:02:47,468 - watchfiles.main - INFO - 1 change detected
2025-05-17 14:02:47,828 - watchfiles.main - INFO - 1 change detected
2025-05-17 14:02:48,179 - watchfiles.main - INFO - 1 change detected
2025-05-17 14:02:48,539 - watchfiles.main - INFO - 1 change detected
2025-05-17 14:02:48,899 - watchfiles.main - INFO - 1 change detected
2025-05-17 14:02:49,257 - watchfiles.main - INFO - 1 change detected
2025-05-17 14:02:49,614 - watchfiles.main - INFO - 1 change detected
2025-05-17 14:02:49,972 - watchfiles.main - INFO - 1 change detected
2025-05-17 14:02:50,331 - watchfiles.main - INFO - 1 change detected
2025-05-17 14:02:50,687 - watchfiles.main - INFO - 1 change detected
2025-05-17 14:02:51,047 - watchfiles.main - INFO - 1 change detected
2025-05-17 14:02:51,403 - watchfiles.main - INFO - 1 change detected
2025-05-17 14:02:51,760 - watchfiles.main - INFO - 1 change detected
2025-05-17 14:02:52,118 - watchfiles.main - INFO - 1 change detected
2025-05-17 14:02:52,475 - watchfiles.main - INFO - 1 change detected
2025-05-17 14:02:52,836 - watchfiles.main - INFO - 1 change detected
2025-05-17 14:02:53,193 - watchfiles.main - INFO - 1 change detected
2025-05-17 14:02:53,550 - watchfiles.main - INFO - 1 change detected
2025-05-17 14:02:53,910 - watchfiles.main - INFO - 1 change detected
2025-05-17 14:02:54,265 - watchfiles.main - INFO - 1 change detected
2025-05-17 14:02:54,623 - watchfiles.main - INFO - 1 change detected
2025-05-17 14:02:54,983 - watchfiles.main - INFO - 1 change detected
2025-05-17 14:02:55,337 - watchfiles.main - INFO - 1 change detected
2025-05-17 14:02:55,694 - watchfiles.main - INFO - 1 change detected
2025-05-17 14:02:56,054 - watchfiles.main - INFO - 1 change detected
2025-05-17 14:02:56,415 - watchfiles.main - INFO - 1 change detected
2025-05-17 14:02:56,771 - watchfiles.main - INFO - 1 change detected
2025-05-17 14:02:57,130 - watchfiles.main - INFO - 1 change detected
2025-05-17 14:02:57,489 - watchfiles.main - INFO - 1 change detected
2025-05-17 14:02:57,848 - watchfiles.main - INFO - 1 change detected
2025-05-17 14:02:58,205 - watchfiles.main - INFO - 1 change detected
2025-05-17 14:02:58,562 - watchfiles.main - INFO - 1 change detected
2025-05-17 14:02:58,922 - watchfiles.main - INFO - 1 change detected
2025-05-17 14:02:59,283 - watchfiles.main - INFO - 1 change detected
2025-05-17 14:02:59,641 - watchfiles.main - INFO - 1 change detected
2025-05-17 14:02:59,998 - watchfiles.main - INFO - 1 change detected
2025-05-17 14:03:00,354 - watchfiles.main - INFO - 1 change detected
2025-05-17 14:03:00,711 - watchfiles.main - INFO - 1 change detected
2025-05-17 14:03:01,067 - watchfiles.main - INFO - 1 change detected
2025-05-17 14:03:01,420 - watchfiles.main - INFO - 1 change detected
2025-05-17 14:03:01,777 - watchfiles.main - INFO - 1 change detected
2025-05-17 14:03:02,137 - watchfiles.main - INFO - 1 change detected
2025-05-17 14:03:02,497 - watchfiles.main - INFO - 1 change detected
2025-05-17 14:03:02,854 - watchfiles.main - INFO - 1 change detected
2025-05-17 14:03:03,213 - watchfiles.main - INFO - 1 change detected
2025-05-17 14:03:03,568 - watchfiles.main - INFO - 1 change detected
2025-05-17 14:03:03,924 - watchfiles.main - INFO - 1 change detected
2025-05-17 14:03:04,281 - watchfiles.main - INFO - 1 change detected
2025-05-17 14:03:04,639 - watchfiles.main - INFO - 1 change detected
2025-05-17 14:03:05,001 - watchfiles.main - INFO - 1 change detected
2025-05-17 14:03:05,356 - watchfiles.main - INFO - 1 change detected
2025-05-17 14:03:05,710 - watchfiles.main - INFO - 1 change detected
2025-05-17 14:03:06,070 - watchfiles.main - INFO - 1 change detected
2025-05-17 14:03:06,428 - watchfiles.main - INFO - 1 change detected
2025-05-17 14:03:06,785 - watchfiles.main - INFO - 1 change detected
2025-05-17 14:03:07,142 - watchfiles.main - INFO - 1 change detected
2025-05-17 14:03:07,502 - watchfiles.main - INFO - 1 change detected
2025-05-17 14:03:07,859 - watchfiles.main - INFO - 1 change detected
2025-05-17 14:03:08,217 - watchfiles.main - INFO - 1 change detected
2025-05-17 14:03:08,573 - watchfiles.main - INFO - 1 change detected
2025-05-17 14:03:08,928 - watchfiles.main - INFO - 1 change detected
2025-05-17 14:03:09,287 - watchfiles.main - INFO - 1 change detected
2025-05-17 14:03:09,645 - watchfiles.main - INFO - 1 change detected
2025-05-17 14:03:10,002 - watchfiles.main - INFO - 1 change detected
2025-05-17 14:03:10,359 - watchfiles.main - INFO - 1 change detected
2025-05-17 14:03:10,715 - watchfiles.main - INFO - 1 change detected
2025-05-17 14:03:11,070 - watchfiles.main - INFO - 1 change detected
2025-05-17 14:03:11,426 - watchfiles.main - INFO - 1 change detected
2025-05-17 14:03:11,784 - watchfiles.main - INFO - 1 change detected
2025-05-17 14:03:12,143 - watchfiles.main - INFO - 1 change detected
2025-05-17 14:03:12,501 - watchfiles.main - INFO - 1 change detected
2025-05-17 14:03:12,857 - watchfiles.main - INFO - 1 change detected
2025-05-17 14:03:13,214 - watchfiles.main - INFO - 1 change detected
2025-05-17 14:03:13,572 - watchfiles.main - INFO - 1 change detected
2025-05-17 14:03:13,929 - watchfiles.main - INFO - 1 change detected
2025-05-17 14:03:14,285 - watchfiles.main - INFO - 1 change detected
2025-05-17 14:03:14,641 - watchfiles.main - INFO - 1 change detected
2025-05-17 14:03:14,998 - watchfiles.main - INFO - 1 change detected
2025-05-17 14:03:15,354 - watchfiles.main - INFO - 1 change detected
2025-05-17 14:03:15,713 - watchfiles.main - INFO - 1 change detected
2025-05-17 14:03:16,072 - watchfiles.main - INFO - 1 change detected
2025-05-17 14:03:16,429 - watchfiles.main - INFO - 1 change detected
2025-05-17 14:03:16,783 - watchfiles.main - INFO - 1 change detected
2025-05-17 14:03:17,140 - watchfiles.main - INFO - 1 change detected
2025-05-17 14:03:17,499 - watchfiles.main - INFO - 1 change detected
2025-05-17 14:03:17,858 - watchfiles.main - INFO - 1 change detected
2025-05-17 14:03:18,215 - watchfiles.main - INFO - 1 change detected
2025-05-17 14:03:18,573 - watchfiles.main - INFO - 1 change detected
2025-05-17 14:03:18,930 - watchfiles.main - INFO - 1 change detected
2025-05-17 14:03:19,287 - watchfiles.main - INFO - 1 change detected
2025-05-17 14:03:19,644 - watchfiles.main - INFO - 1 change detected
2025-05-17 14:03:20,001 - watchfiles.main - INFO - 1 change detected
2025-05-17 14:03:20,361 - watchfiles.main - INFO - 1 change detected
2025-05-17 14:03:20,715 - watchfiles.main - INFO - 1 change detected
2025-05-17 14:03:21,073 - watchfiles.main - INFO - 1 change detected
2025-05-17 14:03:21,431 - watchfiles.main - INFO - 1 change detected
2025-05-17 14:03:21,786 - watchfiles.main - INFO - 1 change detected
2025-05-17 14:03:22,143 - watchfiles.main - INFO - 1 change detected
2025-05-17 14:03:22,501 - watchfiles.main - INFO - 1 change detected
2025-05-17 14:03:22,859 - watchfiles.main - INFO - 1 change detected
2025-05-17 14:03:23,216 - watchfiles.main - INFO - 1 change detected
2025-05-17 14:03:23,576 - watchfiles.main - INFO - 1 change detected
2025-05-17 14:03:23,934 - watchfiles.main - INFO - 1 change detected
2025-05-17 14:03:24,291 - watchfiles.main - INFO - 1 change detected
2025-05-17 14:03:24,649 - watchfiles.main - INFO - 1 change detected
2025-05-17 14:03:25,007 - watchfiles.main - INFO - 1 change detected
2025-05-17 14:03:25,366 - watchfiles.main - INFO - 1 change detected
2025-05-17 14:03:25,725 - watchfiles.main - INFO - 1 change detected
2025-05-17 14:03:26,080 - watchfiles.main - INFO - 1 change detected
2025-05-17 14:03:26,435 - watchfiles.main - INFO - 1 change detected
2025-05-17 14:03:26,790 - watchfiles.main - INFO - 1 change detected
2025-05-17 14:03:27,144 - watchfiles.main - INFO - 1 change detected
2025-05-17 14:03:27,505 - watchfiles.main - INFO - 1 change detected
2025-05-17 14:03:27,866 - watchfiles.main - INFO - 1 change detected
2025-05-17 14:03:28,221 - watchfiles.main - INFO - 1 change detected
2025-05-17 14:03:28,579 - watchfiles.main - INFO - 1 change detected
2025-05-17 14:03:28,935 - watchfiles.main - INFO - 1 change detected
2025-05-17 14:03:29,294 - watchfiles.main - INFO - 1 change detected
2025-05-17 14:03:29,649 - watchfiles.main - INFO - 1 change detected
2025-05-17 14:03:30,002 - watchfiles.main - INFO - 1 change detected
2025-05-17 14:03:30,360 - watchfiles.main - INFO - 1 change detected
2025-05-17 14:03:30,720 - watchfiles.main - INFO - 1 change detected
2025-05-17 14:03:31,076 - watchfiles.main - INFO - 1 change detected
2025-05-17 14:03:31,434 - watchfiles.main - INFO - 1 change detected
2025-05-17 14:03:31,788 - watchfiles.main - INFO - 1 change detected
2025-05-17 14:03:32,147 - watchfiles.main - INFO - 1 change detected
2025-05-17 14:03:32,503 - watchfiles.main - INFO - 1 change detected
2025-05-17 14:03:32,861 - watchfiles.main - INFO - 1 change detected
2025-05-17 14:03:33,221 - watchfiles.main - INFO - 1 change detected
2025-05-17 14:03:33,577 - watchfiles.main - INFO - 1 change detected
2025-05-17 14:03:33,938 - watchfiles.main - INFO - 1 change detected
2025-05-17 14:03:34,296 - watchfiles.main - INFO - 1 change detected
2025-05-17 14:03:34,654 - watchfiles.main - INFO - 1 change detected
2025-05-17 14:03:35,013 - watchfiles.main - INFO - 1 change detected
2025-05-17 14:03:35,372 - watchfiles.main - INFO - 1 change detected
2025-05-17 14:03:35,726 - watchfiles.main - INFO - 1 change detected
2025-05-17 14:03:36,080 - watchfiles.main - INFO - 1 change detected
2025-05-17 14:03:36,438 - watchfiles.main - INFO - 1 change detected
2025-05-17 14:03:36,796 - watchfiles.main - INFO - 1 change detected
2025-05-17 14:03:37,154 - watchfiles.main - INFO - 1 change detected
2025-05-17 14:03:37,513 - watchfiles.main - INFO - 1 change detected
2025-05-17 14:03:37,870 - watchfiles.main - INFO - 1 change detected
2025-05-17 14:03:38,228 - watchfiles.main - INFO - 1 change detected
2025-05-17 14:03:38,587 - watchfiles.main - INFO - 1 change detected
2025-05-17 14:03:38,944 - watchfiles.main - INFO - 1 change detected
2025-05-17 14:03:39,303 - watchfiles.main - INFO - 1 change detected
2025-05-17 14:03:39,663 - watchfiles.main - INFO - 1 change detected
2025-05-17 14:03:40,022 - watchfiles.main - INFO - 1 change detected
2025-05-17 14:03:40,380 - watchfiles.main - INFO - 1 change detected
2025-05-17 14:03:40,739 - watchfiles.main - INFO - 1 change detected
2025-05-17 14:03:41,097 - watchfiles.main - INFO - 1 change detected
2025-05-17 14:03:41,452 - watchfiles.main - INFO - 1 change detected
2025-05-17 14:03:41,812 - watchfiles.main - INFO - 1 change detected
2025-05-17 14:03:42,170 - watchfiles.main - INFO - 1 change detected
2025-05-17 14:03:42,527 - watchfiles.main - INFO - 1 change detected
2025-05-17 14:03:42,886 - watchfiles.main - INFO - 1 change detected
2025-05-17 14:03:43,242 - watchfiles.main - INFO - 1 change detected
2025-05-17 14:03:43,601 - watchfiles.main - INFO - 1 change detected
2025-05-17 14:03:43,957 - watchfiles.main - INFO - 1 change detected
2025-05-17 14:03:44,313 - watchfiles.main - INFO - 1 change detected
2025-05-17 14:03:44,670 - watchfiles.main - INFO - 1 change detected
2025-05-17 14:03:45,027 - watchfiles.main - INFO - 1 change detected
2025-05-17 14:03:45,382 - watchfiles.main - INFO - 1 change detected
2025-05-17 14:03:45,739 - watchfiles.main - INFO - 1 change detected
2025-05-17 14:03:46,099 - watchfiles.main - INFO - 1 change detected
2025-05-17 14:03:46,456 - watchfiles.main - INFO - 1 change detected
2025-05-17 14:03:46,814 - watchfiles.main - INFO - 1 change detected
2025-05-17 14:03:47,172 - watchfiles.main - INFO - 1 change detected
2025-05-17 14:03:47,531 - watchfiles.main - INFO - 1 change detected
2025-05-17 14:03:47,888 - watchfiles.main - INFO - 1 change detected
2025-05-17 14:03:48,244 - watchfiles.main - INFO - 1 change detected
2025-05-17 14:03:48,604 - watchfiles.main - INFO - 1 change detected
2025-05-17 14:03:48,958 - watchfiles.main - INFO - 1 change detected
2025-05-17 14:03:49,316 - watchfiles.main - INFO - 1 change detected
2025-05-17 14:03:49,674 - watchfiles.main - INFO - 1 change detected
2025-05-17 14:03:50,032 - watchfiles.main - INFO - 1 change detected
2025-05-17 14:03:50,388 - watchfiles.main - INFO - 1 change detected
2025-05-17 14:03:50,745 - watchfiles.main - INFO - 1 change detected
2025-05-17 14:03:51,105 - watchfiles.main - INFO - 1 change detected
2025-05-17 14:03:51,466 - watchfiles.main - INFO - 1 change detected
2025-05-17 14:03:51,828 - watchfiles.main - INFO - 1 change detected
2025-05-17 14:03:52,185 - watchfiles.main - INFO - 1 change detected
2025-05-17 14:03:52,542 - watchfiles.main - INFO - 1 change detected
2025-05-17 14:03:52,899 - watchfiles.main - INFO - 1 change detected
2025-05-17 14:03:53,255 - watchfiles.main - INFO - 1 change detected
2025-05-17 14:03:53,613 - watchfiles.main - INFO - 1 change detected
2025-05-17 14:03:53,968 - watchfiles.main - INFO - 1 change detected
2025-05-17 14:03:54,325 - watchfiles.main - INFO - 1 change detected
2025-05-17 14:03:54,683 - watchfiles.main - INFO - 1 change detected
2025-05-17 14:03:55,045 - watchfiles.main - INFO - 1 change detected
2025-05-17 14:03:55,402 - watchfiles.main - INFO - 1 change detected
2025-05-17 14:03:55,762 - watchfiles.main - INFO - 1 change detected
2025-05-17 14:03:56,120 - watchfiles.main - INFO - 1 change detected
2025-05-17 14:03:56,477 - watchfiles.main - INFO - 1 change detected
2025-05-17 14:03:56,836 - watchfiles.main - INFO - 1 change detected
2025-05-17 14:03:57,192 - watchfiles.main - INFO - 1 change detected
2025-05-17 14:03:57,552 - watchfiles.main - INFO - 1 change detected
2025-05-17 14:03:57,911 - watchfiles.main - INFO - 1 change detected
2025-05-17 14:03:58,271 - watchfiles.main - INFO - 1 change detected
2025-05-17 14:03:58,633 - watchfiles.main - INFO - 1 change detected
2025-05-17 14:03:58,990 - watchfiles.main - INFO - 1 change detected
2025-05-17 14:03:59,348 - watchfiles.main - INFO - 1 change detected
2025-05-17 14:03:59,705 - watchfiles.main - INFO - 1 change detected
2025-05-17 14:04:00,065 - watchfiles.main - INFO - 1 change detected
2025-05-17 14:04:00,421 - watchfiles.main - INFO - 1 change detected
2025-05-17 14:04:00,778 - watchfiles.main - INFO - 1 change detected
2025-05-17 14:04:01,137 - watchfiles.main - INFO - 1 change detected
2025-05-17 14:04:01,498 - watchfiles.main - INFO - 1 change detected
2025-05-17 14:04:01,854 - watchfiles.main - INFO - 1 change detected
2025-05-17 14:04:02,213 - watchfiles.main - INFO - 1 change detected
2025-05-17 14:04:02,571 - watchfiles.main - INFO - 1 change detected
2025-05-17 14:04:02,937 - watchfiles.main - INFO - 1 change detected
2025-05-17 14:04:03,296 - watchfiles.main - INFO - 1 change detected
2025-05-17 14:04:03,655 - watchfiles.main - INFO - 1 change detected
2025-05-17 14:04:04,011 - watchfiles.main - INFO - 1 change detected
2025-05-17 14:04:04,371 - watchfiles.main - INFO - 1 change detected
2025-05-17 14:04:04,731 - watchfiles.main - INFO - 1 change detected
2025-05-17 14:04:05,089 - watchfiles.main - INFO - 1 change detected
2025-05-17 14:04:05,448 - watchfiles.main - INFO - 1 change detected
2025-05-17 14:04:05,806 - watchfiles.main - INFO - 1 change detected
2025-05-17 14:04:06,167 - watchfiles.main - INFO - 1 change detected
2025-05-17 14:04:06,524 - watchfiles.main - INFO - 1 change detected
2025-05-17 14:04:06,885 - watchfiles.main - INFO - 1 change detected
2025-05-17 14:04:07,241 - watchfiles.main - INFO - 1 change detected
2025-05-17 14:04:07,597 - watchfiles.main - INFO - 1 change detected
2025-05-17 14:04:07,953 - watchfiles.main - INFO - 1 change detected
2025-05-17 14:04:08,313 - watchfiles.main - INFO - 1 change detected
2025-05-17 14:04:08,676 - watchfiles.main - INFO - 1 change detected
2025-05-17 14:04:09,033 - watchfiles.main - INFO - 1 change detected
2025-05-17 14:04:09,391 - watchfiles.main - INFO - 1 change detected
2025-05-17 14:04:09,746 - watchfiles.main - INFO - 1 change detected
2025-05-17 14:04:10,104 - watchfiles.main - INFO - 1 change detected
2025-05-17 14:04:10,463 - watchfiles.main - INFO - 1 change detected
2025-05-17 14:04:10,824 - watchfiles.main - INFO - 1 change detected
2025-05-17 14:04:11,181 - watchfiles.main - INFO - 1 change detected
2025-05-17 14:04:11,537 - watchfiles.main - INFO - 1 change detected
2025-05-17 14:04:11,898 - watchfiles.main - INFO - 1 change detected
2025-05-17 14:04:12,255 - watchfiles.main - INFO - 1 change detected
2025-05-17 14:04:12,612 - watchfiles.main - INFO - 1 change detected
2025-05-17 14:04:12,970 - watchfiles.main - INFO - 1 change detected
2025-05-17 14:04:13,331 - watchfiles.main - INFO - 1 change detected
2025-05-17 14:04:13,689 - watchfiles.main - INFO - 1 change detected
2025-05-17 14:04:14,049 - watchfiles.main - INFO - 1 change detected
2025-05-17 14:04:14,409 - watchfiles.main - INFO - 1 change detected
2025-05-17 14:04:14,771 - watchfiles.main - INFO - 1 change detected
2025-05-17 14:04:15,128 - watchfiles.main - INFO - 1 change detected
2025-05-17 14:04:15,481 - watchfiles.main - INFO - 1 change detected
2025-05-17 14:04:15,836 - watchfiles.main - INFO - 1 change detected
2025-05-17 14:04:16,195 - watchfiles.main - INFO - 1 change detected
2025-05-17 14:04:16,552 - watchfiles.main - INFO - 1 change detected
2025-05-17 14:04:16,913 - watchfiles.main - INFO - 1 change detected
2025-05-17 14:04:17,267 - watchfiles.main - INFO - 1 change detected
2025-05-17 14:04:17,623 - watchfiles.main - INFO - 1 change detected
2025-05-17 14:04:17,980 - watchfiles.main - INFO - 1 change detected
2025-05-17 14:04:18,340 - watchfiles.main - INFO - 1 change detected
2025-05-17 14:04:18,699 - watchfiles.main - INFO - 1 change detected
2025-05-17 14:04:19,059 - watchfiles.main - INFO - 1 change detected
2025-05-17 14:04:19,414 - watchfiles.main - INFO - 1 change detected
2025-05-17 14:04:19,772 - watchfiles.main - INFO - 1 change detected
2025-05-17 14:04:20,127 - watchfiles.main - INFO - 1 change detected
2025-05-17 14:04:20,484 - watchfiles.main - INFO - 1 change detected
2025-05-17 14:04:20,843 - watchfiles.main - INFO - 1 change detected
2025-05-17 14:04:21,200 - watchfiles.main - INFO - 1 change detected
2025-05-17 14:04:21,559 - watchfiles.main - INFO - 1 change detected
2025-05-17 14:04:21,917 - watchfiles.main - INFO - 1 change detected
2025-05-17 14:04:22,276 - watchfiles.main - INFO - 1 change detected
2025-05-17 14:04:22,633 - watchfiles.main - INFO - 1 change detected
2025-05-17 14:04:22,991 - watchfiles.main - INFO - 1 change detected
2025-05-17 14:04:23,351 - watchfiles.main - INFO - 1 change detected
2025-05-17 14:04:23,706 - watchfiles.main - INFO - 1 change detected
2025-05-17 14:04:24,065 - watchfiles.main - INFO - 1 change detected
2025-05-17 14:04:24,418 - watchfiles.main - INFO - 1 change detected
2025-05-17 14:04:24,775 - watchfiles.main - INFO - 1 change detected
2025-05-17 14:04:25,134 - watchfiles.main - INFO - 1 change detected
2025-05-17 14:04:25,492 - watchfiles.main - INFO - 1 change detected
2025-05-17 14:04:25,850 - watchfiles.main - INFO - 1 change detected
2025-05-17 14:04:26,208 - watchfiles.main - INFO - 1 change detected
2025-05-17 14:04:26,567 - watchfiles.main - INFO - 1 change detected
2025-05-17 14:04:26,921 - watchfiles.main - INFO - 1 change detected
2025-05-17 14:04:27,281 - watchfiles.main - INFO - 1 change detected
2025-05-17 14:04:27,639 - watchfiles.main - INFO - 1 change detected
2025-05-17 14:04:27,998 - watchfiles.main - INFO - 1 change detected
2025-05-17 14:04:28,356 - watchfiles.main - INFO - 1 change detected
2025-05-17 14:04:28,713 - watchfiles.main - INFO - 1 change detected
2025-05-17 14:04:29,072 - watchfiles.main - INFO - 1 change detected
2025-05-17 14:04:29,431 - watchfiles.main - INFO - 1 change detected
2025-05-17 14:04:29,783 - watchfiles.main - INFO - 1 change detected
2025-05-17 14:04:30,143 - watchfiles.main - INFO - 1 change detected
2025-05-17 14:04:30,502 - watchfiles.main - INFO - 1 change detected
2025-05-17 14:04:30,859 - watchfiles.main - INFO - 1 change detected
2025-05-17 14:04:31,216 - watchfiles.main - INFO - 1 change detected
2025-05-17 14:04:31,573 - watchfiles.main - INFO - 1 change detected
2025-05-17 14:04:31,929 - watchfiles.main - INFO - 1 change detected
2025-05-17 14:04:32,287 - watchfiles.main - INFO - 1 change detected
2025-05-17 14:04:32,646 - watchfiles.main - INFO - 1 change detected
2025-05-17 14:04:33,005 - watchfiles.main - INFO - 1 change detected
2025-05-17 14:04:33,359 - watchfiles.main - INFO - 1 change detected
2025-05-17 14:04:33,713 - watchfiles.main - INFO - 1 change detected
2025-05-17 14:04:34,071 - watchfiles.main - INFO - 1 change detected
2025-05-17 14:04:34,428 - watchfiles.main - INFO - 1 change detected
2025-05-17 14:04:34,785 - watchfiles.main - INFO - 1 change detected
2025-05-17 14:04:35,142 - watchfiles.main - INFO - 1 change detected
2025-05-17 14:04:35,503 - watchfiles.main - INFO - 1 change detected
2025-05-17 14:04:35,860 - watchfiles.main - INFO - 1 change detected
2025-05-17 14:04:36,213 - watchfiles.main - INFO - 1 change detected
2025-05-17 14:04:36,570 - watchfiles.main - INFO - 1 change detected
2025-05-17 14:04:36,928 - watchfiles.main - INFO - 1 change detected
2025-05-17 14:04:37,285 - watchfiles.main - INFO - 1 change detected
2025-05-17 14:04:37,643 - watchfiles.main - INFO - 1 change detected
2025-05-17 14:04:37,999 - watchfiles.main - INFO - 1 change detected
2025-05-17 14:04:38,359 - watchfiles.main - INFO - 1 change detected
2025-05-17 14:04:38,714 - watchfiles.main - INFO - 1 change detected
2025-05-17 14:04:39,071 - watchfiles.main - INFO - 1 change detected
2025-05-17 14:04:39,430 - watchfiles.main - INFO - 1 change detected
2025-05-17 14:04:39,785 - watchfiles.main - INFO - 1 change detected
2025-05-17 14:04:40,141 - watchfiles.main - INFO - 1 change detected
2025-05-17 14:04:40,499 - watchfiles.main - INFO - 1 change detected
2025-05-17 14:04:40,855 - watchfiles.main - INFO - 1 change detected
2025-05-17 14:04:41,213 - watchfiles.main - INFO - 1 change detected
2025-05-17 14:04:41,567 - watchfiles.main - INFO - 1 change detected
2025-05-17 14:04:41,927 - watchfiles.main - INFO - 1 change detected
2025-05-17 14:04:42,282 - watchfiles.main - INFO - 1 change detected
2025-05-17 14:04:42,643 - watchfiles.main - INFO - 1 change detected
2025-05-17 14:04:43,001 - watchfiles.main - INFO - 1 change detected
2025-05-17 14:04:43,363 - watchfiles.main - INFO - 1 change detected
2025-05-17 14:04:43,720 - watchfiles.main - INFO - 1 change detected
2025-05-17 14:04:44,076 - watchfiles.main - INFO - 1 change detected
2025-05-17 14:04:44,434 - watchfiles.main - INFO - 1 change detected
2025-05-17 14:04:44,792 - watchfiles.main - INFO - 1 change detected
2025-05-17 14:04:45,152 - watchfiles.main - INFO - 1 change detected
2025-05-17 14:04:45,510 - watchfiles.main - INFO - 1 change detected
2025-05-17 14:04:45,867 - watchfiles.main - INFO - 1 change detected
2025-05-17 14:04:46,226 - watchfiles.main - INFO - 1 change detected
2025-05-17 14:04:46,584 - watchfiles.main - INFO - 1 change detected
2025-05-17 14:04:46,940 - watchfiles.main - INFO - 1 change detected
2025-05-17 14:04:47,293 - watchfiles.main - INFO - 1 change detected
2025-05-17 14:04:47,654 - watchfiles.main - INFO - 1 change detected
2025-05-17 14:04:48,012 - watchfiles.main - INFO - 1 change detected
2025-05-17 14:04:48,368 - watchfiles.main - INFO - 1 change detected
2025-05-17 14:04:48,729 - watchfiles.main - INFO - 1 change detected
2025-05-17 14:04:49,088 - watchfiles.main - INFO - 1 change detected
2025-05-17 14:04:49,447 - watchfiles.main - INFO - 1 change detected
2025-05-17 14:04:49,805 - watchfiles.main - INFO - 1 change detected
2025-05-17 14:04:50,164 - watchfiles.main - INFO - 1 change detected
2025-05-17 14:04:50,524 - watchfiles.main - INFO - 1 change detected
2025-05-17 14:04:50,883 - watchfiles.main - INFO - 1 change detected
2025-05-17 14:04:51,241 - watchfiles.main - INFO - 1 change detected
2025-05-17 14:04:51,599 - watchfiles.main - INFO - 1 change detected
2025-05-17 14:04:51,954 - watchfiles.main - INFO - 1 change detected
2025-05-17 14:04:52,313 - watchfiles.main - INFO - 1 change detected
2025-05-17 14:04:52,671 - watchfiles.main - INFO - 1 change detected
2025-05-17 14:04:53,030 - watchfiles.main - INFO - 1 change detected
2025-05-17 14:04:53,388 - watchfiles.main - INFO - 1 change detected
2025-05-17 14:04:53,748 - watchfiles.main - INFO - 1 change detected
2025-05-17 14:04:54,106 - watchfiles.main - INFO - 1 change detected
2025-05-17 14:04:54,465 - watchfiles.main - INFO - 1 change detected
2025-05-17 14:04:54,821 - watchfiles.main - INFO - 1 change detected
2025-05-17 14:04:55,180 - watchfiles.main - INFO - 1 change detected
2025-05-17 14:04:55,538 - watchfiles.main - INFO - 1 change detected
2025-05-17 14:04:55,895 - watchfiles.main - INFO - 1 change detected
2025-05-17 14:04:56,253 - watchfiles.main - INFO - 1 change detected
2025-05-17 14:04:56,613 - watchfiles.main - INFO - 1 change detected
2025-05-17 14:04:56,971 - watchfiles.main - INFO - 1 change detected
2025-05-17 14:04:57,328 - watchfiles.main - INFO - 1 change detected
2025-05-17 14:04:57,687 - watchfiles.main - INFO - 1 change detected
2025-05-17 14:04:58,047 - watchfiles.main - INFO - 1 change detected
2025-05-17 14:04:58,405 - watchfiles.main - INFO - 1 change detected
2025-05-17 14:04:58,765 - watchfiles.main - INFO - 1 change detected
2025-05-17 14:04:59,124 - watchfiles.main - INFO - 1 change detected
2025-05-17 14:04:59,482 - watchfiles.main - INFO - 1 change detected
2025-05-17 14:04:59,838 - watchfiles.main - INFO - 1 change detected
2025-05-17 14:05:00,195 - watchfiles.main - INFO - 1 change detected
2025-05-17 14:05:00,553 - watchfiles.main - INFO - 1 change detected
2025-05-17 14:05:00,911 - watchfiles.main - INFO - 1 change detected
2025-05-17 14:05:01,271 - watchfiles.main - INFO - 1 change detected
2025-05-17 14:05:01,628 - watchfiles.main - INFO - 1 change detected
2025-05-17 14:05:01,988 - watchfiles.main - INFO - 1 change detected
2025-05-17 14:05:02,345 - watchfiles.main - INFO - 1 change detected
2025-05-17 14:05:02,705 - watchfiles.main - INFO - 1 change detected
2025-05-17 14:05:03,063 - watchfiles.main - INFO - 1 change detected
2025-05-17 14:05:03,421 - watchfiles.main - INFO - 1 change detected
2025-05-17 14:05:03,782 - watchfiles.main - INFO - 1 change detected
2025-05-17 14:05:04,140 - watchfiles.main - INFO - 1 change detected
2025-05-17 14:05:04,501 - watchfiles.main - INFO - 1 change detected
2025-05-17 14:05:04,855 - watchfiles.main - INFO - 1 change detected
2025-05-17 14:05:05,213 - watchfiles.main - INFO - 1 change detected
2025-05-17 14:05:05,572 - watchfiles.main - INFO - 1 change detected
2025-05-17 14:05:05,931 - watchfiles.main - INFO - 1 change detected
2025-05-17 14:05:06,294 - watchfiles.main - INFO - 1 change detected
2025-05-17 14:05:06,654 - watchfiles.main - INFO - 1 change detected
2025-05-17 14:05:07,012 - watchfiles.main - INFO - 1 change detected
2025-05-17 14:05:07,377 - watchfiles.main - INFO - 1 change detected
2025-05-17 14:05:07,732 - watchfiles.main - INFO - 1 change detected
2025-05-17 14:05:08,091 - watchfiles.main - INFO - 1 change detected
2025-05-17 14:05:08,449 - watchfiles.main - INFO - 1 change detected
2025-05-17 14:05:08,808 - watchfiles.main - INFO - 1 change detected
2025-05-17 14:05:09,165 - watchfiles.main - INFO - 1 change detected
2025-05-17 14:05:09,524 - watchfiles.main - INFO - 1 change detected
2025-05-17 14:05:09,882 - watchfiles.main - INFO - 1 change detected
2025-05-17 14:05:10,240 - watchfiles.main - INFO - 1 change detected
2025-05-17 14:05:10,599 - watchfiles.main - INFO - 1 change detected
2025-05-17 14:05:10,953 - watchfiles.main - INFO - 1 change detected
2025-05-17 14:05:11,315 - watchfiles.main - INFO - 1 change detected
2025-05-17 14:05:11,673 - watchfiles.main - INFO - 1 change detected
2025-05-17 14:05:12,028 - watchfiles.main - INFO - 1 change detected
2025-05-17 14:05:12,388 - watchfiles.main - INFO - 1 change detected
2025-05-17 14:05:12,746 - watchfiles.main - INFO - 1 change detected
2025-05-17 14:05:13,103 - watchfiles.main - INFO - 1 change detected
2025-05-17 14:05:13,460 - watchfiles.main - INFO - 1 change detected
2025-05-17 14:05:13,820 - watchfiles.main - INFO - 1 change detected
2025-05-17 14:05:14,180 - watchfiles.main - INFO - 1 change detected
2025-05-17 14:05:14,541 - watchfiles.main - INFO - 1 change detected
2025-05-17 14:05:14,901 - watchfiles.main - INFO - 1 change detected
2025-05-17 14:05:15,259 - watchfiles.main - INFO - 1 change detected
2025-05-17 14:05:15,617 - watchfiles.main - INFO - 1 change detected
2025-05-17 14:05:15,975 - watchfiles.main - INFO - 1 change detected
2025-05-17 14:05:16,332 - watchfiles.main - INFO - 1 change detected
2025-05-17 14:05:16,695 - watchfiles.main - INFO - 1 change detected
2025-05-17 14:05:17,052 - watchfiles.main - INFO - 1 change detected
2025-05-17 14:05:17,413 - watchfiles.main - INFO - 1 change detected
2025-05-17 14:05:17,768 - watchfiles.main - INFO - 1 change detected
2025-05-17 14:05:18,125 - watchfiles.main - INFO - 1 change detected
2025-05-17 14:05:18,483 - watchfiles.main - INFO - 1 change detected
2025-05-17 14:05:18,842 - watchfiles.main - INFO - 1 change detected
2025-05-17 14:05:19,197 - watchfiles.main - INFO - 1 change detected
2025-05-17 14:05:19,548 - watchfiles.main - INFO - 1 change detected
2025-05-17 14:05:19,906 - watchfiles.main - INFO - 1 change detected
2025-05-17 14:05:20,261 - watchfiles.main - INFO - 1 change detected
2025-05-17 14:05:20,617 - watchfiles.main - INFO - 1 change detected
2025-05-17 14:05:20,972 - watchfiles.main - INFO - 1 change detected
2025-05-17 14:05:21,326 - watchfiles.main - INFO - 1 change detected
2025-05-17 14:05:21,682 - watchfiles.main - INFO - 1 change detected
2025-05-17 14:05:22,038 - watchfiles.main - INFO - 1 change detected
2025-05-17 14:05:22,393 - watchfiles.main - INFO - 1 change detected
2025-05-17 14:05:22,749 - watchfiles.main - INFO - 1 change detected
2025-05-17 14:05:23,108 - watchfiles.main - INFO - 1 change detected
2025-05-17 14:05:23,467 - watchfiles.main - INFO - 1 change detected
2025-05-17 14:05:23,825 - watchfiles.main - INFO - 1 change detected
2025-05-17 14:05:24,183 - watchfiles.main - INFO - 1 change detected
2025-05-17 14:05:24,546 - watchfiles.main - INFO - 1 change detected
2025-05-17 14:05:24,906 - watchfiles.main - INFO - 1 change detected
2025-05-17 14:05:25,263 - watchfiles.main - INFO - 1 change detected
2025-05-17 14:05:25,622 - watchfiles.main - INFO - 1 change detected
2025-05-17 14:05:25,980 - watchfiles.main - INFO - 1 change detected
2025-05-17 14:05:26,337 - watchfiles.main - INFO - 1 change detected
2025-05-17 14:05:26,696 - watchfiles.main - INFO - 1 change detected
2025-05-17 14:05:27,051 - watchfiles.main - INFO - 1 change detected
2025-05-17 14:05:27,405 - watchfiles.main - INFO - 1 change detected
2025-05-17 14:05:27,761 - watchfiles.main - INFO - 1 change detected
2025-05-17 14:05:28,122 - watchfiles.main - INFO - 1 change detected
2025-05-17 14:05:28,482 - watchfiles.main - INFO - 1 change detected
2025-05-17 14:05:28,839 - watchfiles.main - INFO - 1 change detected
2025-05-17 14:05:29,195 - watchfiles.main - INFO - 1 change detected
2025-05-17 14:05:29,549 - watchfiles.main - INFO - 1 change detected
2025-05-17 14:05:29,908 - watchfiles.main - INFO - 1 change detected
2025-05-17 14:05:30,265 - watchfiles.main - INFO - 1 change detected
2025-05-17 14:05:30,624 - watchfiles.main - INFO - 1 change detected
2025-05-17 14:05:30,985 - watchfiles.main - INFO - 1 change detected
2025-05-17 14:05:31,345 - watchfiles.main - INFO - 1 change detected
2025-05-17 14:05:31,702 - watchfiles.main - INFO - 1 change detected
2025-05-17 14:05:32,056 - watchfiles.main - INFO - 1 change detected
2025-05-17 14:05:32,415 - watchfiles.main - INFO - 1 change detected
2025-05-17 14:05:32,773 - watchfiles.main - INFO - 1 change detected
2025-05-17 14:05:33,132 - watchfiles.main - INFO - 1 change detected
2025-05-17 14:05:33,489 - watchfiles.main - INFO - 1 change detected
2025-05-17 14:05:33,849 - watchfiles.main - INFO - 1 change detected
2025-05-17 14:05:34,205 - watchfiles.main - INFO - 1 change detected
2025-05-17 14:05:34,563 - watchfiles.main - INFO - 1 change detected
2025-05-17 14:05:34,920 - watchfiles.main - INFO - 1 change detected
2025-05-17 14:05:35,279 - watchfiles.main - INFO - 1 change detected
2025-05-17 14:05:35,636 - watchfiles.main - INFO - 1 change detected
2025-05-17 14:05:35,993 - watchfiles.main - INFO - 1 change detected
2025-05-17 14:05:36,353 - watchfiles.main - INFO - 1 change detected
2025-05-17 14:05:36,710 - watchfiles.main - INFO - 1 change detected
2025-05-17 14:05:37,066 - watchfiles.main - INFO - 1 change detected
2025-05-17 14:05:37,425 - watchfiles.main - INFO - 1 change detected
2025-05-17 14:05:37,780 - watchfiles.main - INFO - 1 change detected
2025-05-17 14:05:38,139 - watchfiles.main - INFO - 1 change detected
2025-05-17 14:05:38,499 - watchfiles.main - INFO - 1 change detected
2025-05-17 14:05:38,857 - watchfiles.main - INFO - 1 change detected
2025-05-17 14:05:39,215 - watchfiles.main - INFO - 1 change detected
2025-05-17 14:05:39,572 - watchfiles.main - INFO - 1 change detected
2025-05-17 14:05:39,929 - watchfiles.main - INFO - 1 change detected
2025-05-17 14:05:40,290 - watchfiles.main - INFO - 1 change detected
2025-05-17 14:05:40,648 - watchfiles.main - INFO - 1 change detected
2025-05-17 14:05:41,005 - watchfiles.main - INFO - 1 change detected
2025-05-17 14:05:41,365 - watchfiles.main - INFO - 1 change detected
2025-05-17 14:05:41,723 - watchfiles.main - INFO - 1 change detected
2025-05-17 14:05:42,079 - watchfiles.main - INFO - 1 change detected
2025-05-17 14:05:42,437 - watchfiles.main - INFO - 1 change detected
2025-05-17 14:05:42,796 - watchfiles.main - INFO - 1 change detected
2025-05-17 14:05:43,155 - watchfiles.main - INFO - 1 change detected
2025-05-17 14:05:43,514 - watchfiles.main - INFO - 1 change detected
2025-05-17 14:05:43,867 - watchfiles.main - INFO - 1 change detected
2025-05-17 14:05:44,223 - watchfiles.main - INFO - 1 change detected
2025-05-17 14:05:44,584 - watchfiles.main - INFO - 1 change detected
2025-05-17 14:05:44,939 - watchfiles.main - INFO - 1 change detected
2025-05-17 14:05:45,295 - watchfiles.main - INFO - 1 change detected
2025-05-17 14:05:45,655 - watchfiles.main - INFO - 1 change detected
2025-05-17 14:05:46,011 - watchfiles.main - INFO - 1 change detected
2025-05-17 14:05:46,367 - watchfiles.main - INFO - 1 change detected
2025-05-17 14:05:46,722 - watchfiles.main - INFO - 1 change detected
2025-05-17 14:05:47,077 - watchfiles.main - INFO - 1 change detected
2025-05-17 14:05:47,433 - watchfiles.main - INFO - 1 change detected
2025-05-17 14:05:47,793 - watchfiles.main - INFO - 1 change detected
2025-05-17 14:05:48,149 - watchfiles.main - INFO - 1 change detected
2025-05-17 14:05:48,504 - watchfiles.main - INFO - 1 change detected
2025-05-17 14:05:48,860 - watchfiles.main - INFO - 1 change detected
2025-05-17 14:05:49,219 - watchfiles.main - INFO - 1 change detected
2025-05-17 14:05:49,574 - watchfiles.main - INFO - 1 change detected
2025-05-17 14:05:49,931 - watchfiles.main - INFO - 1 change detected
2025-05-17 14:05:50,287 - watchfiles.main - INFO - 1 change detected
2025-05-17 14:05:50,645 - watchfiles.main - INFO - 1 change detected
2025-05-17 14:05:51,003 - watchfiles.main - INFO - 1 change detected
2025-05-17 14:05:51,360 - watchfiles.main - INFO - 1 change detected
2025-05-17 14:05:51,718 - watchfiles.main - INFO - 1 change detected
2025-05-17 14:05:52,075 - watchfiles.main - INFO - 1 change detected
2025-05-17 14:05:52,428 - watchfiles.main - INFO - 1 change detected
2025-05-17 14:05:52,779 - watchfiles.main - INFO - 1 change detected
2025-05-17 14:05:53,135 - watchfiles.main - INFO - 1 change detected
2025-05-17 14:05:53,488 - watchfiles.main - INFO - 1 change detected
2025-05-17 14:05:53,841 - watchfiles.main - INFO - 1 change detected
2025-05-17 14:05:54,195 - watchfiles.main - INFO - 1 change detected
2025-05-17 14:05:54,553 - watchfiles.main - INFO - 1 change detected
2025-05-17 14:05:54,907 - watchfiles.main - INFO - 1 change detected
2025-05-17 14:05:55,261 - watchfiles.main - INFO - 1 change detected
2025-05-17 14:05:55,618 - watchfiles.main - INFO - 1 change detected
2025-05-17 14:05:55,977 - watchfiles.main - INFO - 1 change detected
2025-05-17 14:05:56,334 - watchfiles.main - INFO - 1 change detected
2025-05-17 14:05:56,691 - watchfiles.main - INFO - 1 change detected
2025-05-17 14:05:57,047 - watchfiles.main - INFO - 1 change detected
2025-05-17 14:05:57,403 - watchfiles.main - INFO - 1 change detected
2025-05-17 14:05:57,765 - watchfiles.main - INFO - 1 change detected
2025-05-17 14:05:58,121 - watchfiles.main - INFO - 1 change detected
2025-05-17 14:05:58,477 - watchfiles.main - INFO - 1 change detected
2025-05-17 14:05:58,834 - watchfiles.main - INFO - 1 change detected
2025-05-17 14:05:59,188 - watchfiles.main - INFO - 1 change detected
2025-05-17 14:05:59,550 - watchfiles.main - INFO - 1 change detected
2025-05-17 14:05:59,905 - watchfiles.main - INFO - 1 change detected
2025-05-17 14:06:00,264 - watchfiles.main - INFO - 1 change detected
2025-05-17 14:06:00,623 - watchfiles.main - INFO - 1 change detected
2025-05-17 14:06:00,977 - watchfiles.main - INFO - 1 change detected
2025-05-17 14:06:01,334 - watchfiles.main - INFO - 1 change detected
2025-05-17 14:06:01,691 - watchfiles.main - INFO - 1 change detected
2025-05-17 14:06:02,050 - watchfiles.main - INFO - 1 change detected
2025-05-17 14:06:02,409 - watchfiles.main - INFO - 1 change detected
2025-05-17 14:06:02,767 - watchfiles.main - INFO - 1 change detected
2025-05-17 14:06:03,125 - watchfiles.main - INFO - 1 change detected
2025-05-17 14:06:03,480 - watchfiles.main - INFO - 1 change detected
2025-05-17 14:06:03,836 - watchfiles.main - INFO - 1 change detected
2025-05-17 14:06:04,193 - watchfiles.main - INFO - 1 change detected
2025-05-17 14:06:04,552 - watchfiles.main - INFO - 1 change detected
2025-05-17 14:06:04,906 - watchfiles.main - INFO - 1 change detected
2025-05-17 14:06:05,263 - watchfiles.main - INFO - 1 change detected
2025-05-17 14:06:05,619 - watchfiles.main - INFO - 1 change detected
2025-05-17 14:06:05,977 - watchfiles.main - INFO - 1 change detected
2025-05-17 14:06:06,335 - watchfiles.main - INFO - 1 change detected
2025-05-17 14:06:06,691 - watchfiles.main - INFO - 1 change detected
2025-05-17 14:06:07,050 - watchfiles.main - INFO - 1 change detected
2025-05-17 14:06:07,409 - watchfiles.main - INFO - 1 change detected
2025-05-17 14:06:07,766 - watchfiles.main - INFO - 1 change detected
2025-05-17 14:06:08,126 - watchfiles.main - INFO - 1 change detected
2025-05-17 14:06:08,485 - watchfiles.main - INFO - 1 change detected
2025-05-17 14:06:08,842 - watchfiles.main - INFO - 1 change detected
2025-05-17 14:06:09,201 - watchfiles.main - INFO - 1 change detected
2025-05-17 14:06:09,556 - watchfiles.main - INFO - 1 change detected
2025-05-17 14:06:09,911 - watchfiles.main - INFO - 1 change detected
2025-05-17 14:06:10,268 - watchfiles.main - INFO - 1 change detected
2025-05-17 14:06:10,626 - watchfiles.main - INFO - 1 change detected
2025-05-17 14:06:10,984 - watchfiles.main - INFO - 1 change detected
2025-05-17 14:06:11,342 - watchfiles.main - INFO - 1 change detected
2025-05-17 14:06:11,699 - watchfiles.main - INFO - 1 change detected
2025-05-17 14:06:12,056 - watchfiles.main - INFO - 1 change detected
2025-05-17 14:06:12,417 - watchfiles.main - INFO - 1 change detected
2025-05-17 14:06:12,778 - watchfiles.main - INFO - 1 change detected
2025-05-17 14:06:13,135 - watchfiles.main - INFO - 1 change detected
2025-05-17 14:06:13,488 - watchfiles.main - INFO - 1 change detected
2025-05-17 14:06:13,846 - watchfiles.main - INFO - 1 change detected
2025-05-17 14:06:14,205 - watchfiles.main - INFO - 1 change detected
2025-05-17 14:06:14,562 - watchfiles.main - INFO - 1 change detected
2025-05-17 14:06:14,919 - watchfiles.main - INFO - 1 change detected
2025-05-17 14:06:15,277 - watchfiles.main - INFO - 1 change detected
2025-05-17 14:06:15,635 - watchfiles.main - INFO - 1 change detected
2025-05-17 14:06:15,994 - watchfiles.main - INFO - 1 change detected
2025-05-17 14:06:16,353 - watchfiles.main - INFO - 1 change detected
2025-05-17 14:06:16,711 - watchfiles.main - INFO - 1 change detected
2025-05-17 14:06:17,069 - watchfiles.main - INFO - 1 change detected
2025-05-17 14:06:17,423 - watchfiles.main - INFO - 1 change detected
2025-05-17 14:06:17,779 - watchfiles.main - INFO - 1 change detected
2025-05-17 14:06:18,140 - watchfiles.main - INFO - 1 change detected
2025-05-17 14:06:18,497 - watchfiles.main - INFO - 1 change detected
2025-05-17 14:06:18,851 - watchfiles.main - INFO - 1 change detected
2025-05-17 14:06:19,211 - watchfiles.main - INFO - 1 change detected
2025-05-17 14:06:19,571 - watchfiles.main - INFO - 1 change detected
2025-05-17 14:06:19,927 - watchfiles.main - INFO - 1 change detected
2025-05-17 14:06:20,286 - watchfiles.main - INFO - 1 change detected
2025-05-17 14:06:20,645 - watchfiles.main - INFO - 1 change detected
2025-05-17 14:06:21,003 - watchfiles.main - INFO - 1 change detected
2025-05-17 14:06:21,362 - watchfiles.main - INFO - 1 change detected
2025-05-17 14:06:21,717 - watchfiles.main - INFO - 1 change detected
2025-05-17 14:06:21,854 - googleapiclient.discovery_cache - INFO - file_cache is only supported with oauth2client<4.0.0
2025-05-17 14:06:21,859 - spotipy.oauth2 - INFO - User authentication requires interaction with your web browser. Once you enter your credentials and give authorization, you will be redirected to a url.  Paste that url you were directed to to complete the authorization.
2025-05-17 14:06:22,020 - spotipy.oauth2 - INFO - Opened https://accounts.spotify.com/authorize?client_id=74c1b98608a4410a802f437c179a2c12&response_type=code&redirect_uri=http%3A%2F%2Flocalhost%3A3000%2Fcallback&scope=playlist-modify-private+playlist-modify-public+playlist-read-private+playlist-read-collaborative&show_dialog=True in your browser
2025-05-17 14:06:22,075 - watchfiles.main - INFO - 4 changes detected
2025-05-17 14:06:22,433 - watchfiles.main - INFO - 1 change detected
2025-05-17 14:06:22,793 - watchfiles.main - INFO - 1 change detected
2025-05-17 14:06:23,149 - watchfiles.main - INFO - 1 change detected
2025-05-17 14:06:23,506 - watchfiles.main - INFO - 1 change detected
2025-05-17 14:06:23,860 - watchfiles.main - INFO - 1 change detected
2025-05-17 14:06:24,217 - watchfiles.main - INFO - 1 change detected
2025-05-17 14:06:24,572 - watchfiles.main - INFO - 1 change detected
2025-05-17 14:06:24,933 - watchfiles.main - INFO - 1 change detected
2025-05-17 14:06:25,290 - watchfiles.main - INFO - 1 change detected
2025-05-17 14:06:25,649 - watchfiles.main - INFO - 1 change detected
2025-05-17 14:06:26,008 - watchfiles.main - INFO - 1 change detected
2025-05-17 14:06:26,368 - watchfiles.main - INFO - 1 change detected
2025-05-17 14:06:26,725 - watchfiles.main - INFO - 1 change detected
2025-05-17 14:06:27,083 - watchfiles.main - INFO - 1 change detected
2025-05-17 14:06:27,443 - watchfiles.main - INFO - 1 change detected
2025-05-17 14:06:27,801 - watchfiles.main - INFO - 1 change detected
2025-05-17 14:06:28,158 - watchfiles.main - INFO - 1 change detected
2025-05-17 14:06:28,517 - watchfiles.main - INFO - 1 change detected
2025-05-17 14:06:28,878 - watchfiles.main - INFO - 1 change detected
2025-05-17 14:06:29,235 - watchfiles.main - INFO - 1 change detected
2025-05-17 14:06:29,589 - watchfiles.main - INFO - 1 change detected
2025-05-17 14:06:29,947 - watchfiles.main - INFO - 1 change detected
2025-05-17 14:06:30,305 - watchfiles.main - INFO - 1 change detected
2025-05-17 14:06:30,665 - watchfiles.main - INFO - 1 change detected
2025-05-17 14:06:31,020 - watchfiles.main - INFO - 1 change detected
2025-05-17 14:06:31,381 - watchfiles.main - INFO - 1 change detected
2025-05-17 14:06:31,738 - watchfiles.main - INFO - 1 change detected
2025-05-17 14:06:32,098 - watchfiles.main - INFO - 1 change detected
2025-05-17 14:06:32,453 - watchfiles.main - INFO - 1 change detected
2025-05-17 14:06:32,809 - watchfiles.main - INFO - 1 change detected
2025-05-17 14:06:33,165 - watchfiles.main - INFO - 1 change detected
2025-05-17 14:06:33,527 - watchfiles.main - INFO - 1 change detected
2025-05-17 14:06:33,886 - watchfiles.main - INFO - 1 change detected
2025-05-17 14:06:34,243 - watchfiles.main - INFO - 1 change detected
2025-05-17 14:06:34,600 - watchfiles.main - INFO - 1 change detected
2025-05-17 14:06:34,956 - watchfiles.main - INFO - 1 change detected
2025-05-17 14:06:35,309 - watchfiles.main - INFO - 1 change detected
2025-05-17 14:06:35,669 - watchfiles.main - INFO - 1 change detected
2025-05-17 14:06:36,027 - watchfiles.main - INFO - 1 change detected
2025-05-17 14:06:36,389 - watchfiles.main - INFO - 1 change detected
2025-05-17 14:06:36,743 - watchfiles.main - INFO - 1 change detected
2025-05-17 14:06:37,103 - watchfiles.main - INFO - 1 change detected
2025-05-17 14:06:37,464 - watchfiles.main - INFO - 1 change detected
2025-05-17 14:06:37,822 - watchfiles.main - INFO - 1 change detected
2025-05-17 14:06:38,182 - watchfiles.main - INFO - 1 change detected
2025-05-17 14:06:38,539 - watchfiles.main - INFO - 1 change detected
2025-05-17 14:06:38,899 - watchfiles.main - INFO - 1 change detected
2025-05-17 14:06:39,258 - watchfiles.main - INFO - 1 change detected
2025-05-17 14:06:39,616 - watchfiles.main - INFO - 1 change detected
2025-05-17 14:06:39,971 - watchfiles.main - INFO - 1 change detected
2025-05-17 14:06:40,333 - watchfiles.main - INFO - 1 change detected
2025-05-17 14:06:40,688 - watchfiles.main - INFO - 1 change detected
2025-05-17 14:06:41,046 - watchfiles.main - INFO - 1 change detected
2025-05-17 14:06:41,400 - watchfiles.main - INFO - 1 change detected
2025-05-17 14:06:41,756 - watchfiles.main - INFO - 1 change detected
2025-05-17 14:06:42,116 - watchfiles.main - INFO - 1 change detected
2025-05-17 14:06:42,471 - watchfiles.main - INFO - 1 change detected
2025-05-17 14:06:42,829 - watchfiles.main - INFO - 1 change detected
2025-05-17 14:06:43,187 - watchfiles.main - INFO - 1 change detected
2025-05-17 14:06:43,546 - watchfiles.main - INFO - 1 change detected
2025-05-17 14:06:43,903 - watchfiles.main - INFO - 1 change detected
2025-05-17 14:06:44,259 - watchfiles.main - INFO - 1 change detected
2025-05-17 14:06:44,616 - watchfiles.main - INFO - 1 change detected
2025-05-17 14:06:44,973 - watchfiles.main - INFO - 1 change detected
2025-05-17 14:06:45,334 - watchfiles.main - INFO - 1 change detected
2025-05-17 14:06:45,690 - watchfiles.main - INFO - 1 change detected
2025-05-17 14:06:46,047 - watchfiles.main - INFO - 1 change detected
2025-05-17 14:06:46,404 - watchfiles.main - INFO - 1 change detected
2025-05-17 14:06:46,762 - watchfiles.main - INFO - 1 change detected
2025-05-17 14:06:47,120 - watchfiles.main - INFO - 1 change detected
2025-05-17 14:06:47,477 - watchfiles.main - INFO - 1 change detected
2025-05-17 14:06:47,833 - watchfiles.main - INFO - 1 change detected
2025-05-17 14:06:48,190 - watchfiles.main - INFO - 1 change detected
2025-05-17 14:06:48,550 - watchfiles.main - INFO - 1 change detected
2025-05-17 14:06:48,906 - watchfiles.main - INFO - 1 change detected
2025-05-17 14:06:49,263 - watchfiles.main - INFO - 1 change detected
2025-05-17 14:06:49,622 - watchfiles.main - INFO - 1 change detected
2025-05-17 14:06:49,980 - watchfiles.main - INFO - 1 change detected
2025-05-17 14:06:50,338 - watchfiles.main - INFO - 1 change detected
2025-05-17 14:06:50,695 - watchfiles.main - INFO - 1 change detected
2025-05-17 14:06:51,049 - watchfiles.main - INFO - 1 change detected
2025-05-17 14:06:51,409 - watchfiles.main - INFO - 1 change detected
2025-05-17 14:06:51,763 - watchfiles.main - INFO - 1 change detected
2025-05-17 14:06:52,121 - watchfiles.main - INFO - 1 change detected
2025-05-17 14:06:52,481 - watchfiles.main - INFO - 1 change detected
2025-05-17 14:06:52,833 - watchfiles.main - INFO - 1 change detected
2025-05-17 14:06:53,187 - watchfiles.main - INFO - 1 change detected
2025-05-17 14:06:53,541 - watchfiles.main - INFO - 1 change detected
2025-05-17 14:06:53,899 - watchfiles.main - INFO - 1 change detected
2025-05-17 14:06:54,255 - watchfiles.main - INFO - 1 change detected
2025-05-17 14:06:54,611 - watchfiles.main - INFO - 1 change detected
2025-05-17 14:06:54,967 - watchfiles.main - INFO - 1 change detected
2025-05-17 14:06:55,323 - watchfiles.main - INFO - 1 change detected
2025-05-17 14:06:55,681 - watchfiles.main - INFO - 1 change detected
2025-05-17 14:06:56,001 - server - ERROR - Error syncing Spotify to YouTube: No songs found in playlist: my playlist #34
2025-05-17 14:06:56,001 - server - ERROR - API Error: Failed to sync playlist: No songs found in playlist: my playlist #34
2025-05-17 14:06:56,038 - watchfiles.main - INFO - 1 change detected
2025-05-17 14:06:56,399 - watchfiles.main - INFO - 1 change detected
2025-05-17 14:06:56,758 - watchfiles.main - INFO - 1 change detected
2025-05-17 14:06:57,114 - watchfiles.main - INFO - 1 change detected
2025-05-17 14:06:57,472 - watchfiles.main - INFO - 1 change detected
2025-05-17 14:06:57,828 - watchfiles.main - INFO - 1 change detected
2025-05-17 14:06:58,185 - watchfiles.main - INFO - 1 change detected
2025-05-17 14:06:58,546 - watchfiles.main - INFO - 1 change detected
2025-05-17 14:06:58,903 - watchfiles.main - INFO - 1 change detected
2025-05-17 14:06:59,261 - watchfiles.main - INFO - 1 change detected
2025-05-17 14:06:59,622 - watchfiles.main - INFO - 1 change detected
2025-05-17 14:06:59,979 - watchfiles.main - INFO - 1 change detected
2025-05-17 14:07:00,332 - watchfiles.main - INFO - 1 change detected
2025-05-17 14:07:00,692 - watchfiles.main - INFO - 1 change detected
2025-05-17 14:07:01,049 - watchfiles.main - INFO - 1 change detected
2025-05-17 14:07:01,405 - watchfiles.main - INFO - 1 change detected
2025-05-17 14:07:01,761 - watchfiles.main - INFO - 1 change detected
2025-05-17 14:07:02,115 - watchfiles.main - INFO - 1 change detected
2025-05-17 14:07:02,473 - watchfiles.main - INFO - 1 change detected
2025-05-17 14:07:02,830 - watchfiles.main - INFO - 1 change detected
2025-05-17 14:07:03,189 - watchfiles.main - INFO - 1 change detected
2025-05-17 14:07:03,545 - watchfiles.main - INFO - 1 change detected
2025-05-17 14:07:03,897 - watchfiles.main - INFO - 1 change detected
2025-05-17 14:07:04,254 - watchfiles.main - INFO - 1 change detected
2025-05-17 14:07:04,613 - watchfiles.main - INFO - 1 change detected
2025-05-17 14:07:04,968 - watchfiles.main - INFO - 1 change detected
2025-05-17 14:07:05,323 - watchfiles.main - INFO - 1 change detected
2025-05-17 14:07:05,681 - watchfiles.main - INFO - 1 change detected
2025-05-17 14:07:06,037 - watchfiles.main - INFO - 1 change detected
2025-05-17 14:07:06,391 - watchfiles.main - INFO - 1 change detected
2025-05-17 14:07:06,749 - watchfiles.main - INFO - 1 change detected
2025-05-17 14:07:07,106 - watchfiles.main - INFO - 1 change detected
2025-05-17 14:07:07,462 - watchfiles.main - INFO - 1 change detected
2025-05-17 14:07:07,817 - watchfiles.main - INFO - 1 change detected
2025-05-17 14:07:08,171 - watchfiles.main - INFO - 1 change detected
2025-05-17 14:07:08,528 - watchfiles.main - INFO - 1 change detected
2025-05-17 14:07:08,882 - watchfiles.main - INFO - 1 change detected
2025-05-17 14:07:09,239 - watchfiles.main - INFO - 1 change detected
2025-05-17 14:07:09,599 - watchfiles.main - INFO - 1 change detected
2025-05-17 14:07:09,952 - watchfiles.main - INFO - 1 change detected
2025-05-17 14:07:10,308 - watchfiles.main - INFO - 1 change detected
2025-05-17 14:07:10,664 - watchfiles.main - INFO - 1 change detected
2025-05-17 14:07:11,021 - watchfiles.main - INFO - 1 change detected
2025-05-17 14:07:11,378 - watchfiles.main - INFO - 1 change detected
2025-05-17 14:07:11,735 - watchfiles.main - INFO - 1 change detected
2025-05-17 14:07:12,098 - watchfiles.main - INFO - 1 change detected
2025-05-17 14:07:12,452 - watchfiles.main - INFO - 1 change detected
2025-05-17 14:07:12,809 - watchfiles.main - INFO - 1 change detected
2025-05-17 14:07:13,165 - watchfiles.main - INFO - 1 change detected
2025-05-17 14:07:13,525 - watchfiles.main - INFO - 1 change detected
2025-05-17 14:07:13,882 - watchfiles.main - INFO - 1 change detected
2025-05-17 14:07:14,239 - watchfiles.main - INFO - 1 change detected
2025-05-17 14:07:14,596 - watchfiles.main - INFO - 1 change detected
2025-05-17 14:07:14,955 - watchfiles.main - INFO - 1 change detected
2025-05-17 14:07:15,314 - watchfiles.main - INFO - 1 change detected
2025-05-17 14:07:15,674 - watchfiles.main - INFO - 1 change detected
2025-05-17 14:07:16,031 - watchfiles.main - INFO - 1 change detected
2025-05-17 14:07:16,386 - watchfiles.main - INFO - 1 change detected
2025-05-17 14:07:16,743 - watchfiles.main - INFO - 1 change detected
2025-05-17 14:07:17,099 - watchfiles.main - INFO - 1 change detected
2025-05-17 14:07:17,453 - watchfiles.main - INFO - 1 change detected
2025-05-17 14:07:17,810 - watchfiles.main - INFO - 1 change detected
2025-05-17 14:07:18,169 - watchfiles.main - INFO - 1 change detected
2025-05-17 14:07:18,529 - watchfiles.main - INFO - 1 change detected
2025-05-17 14:07:18,883 - watchfiles.main - INFO - 1 change detected
2025-05-17 14:07:19,240 - watchfiles.main - INFO - 1 change detected
2025-05-17 14:07:19,597 - watchfiles.main - INFO - 1 change detected
2025-05-17 14:07:19,959 - watchfiles.main - INFO - 1 change detected
2025-05-17 14:07:20,315 - watchfiles.main - INFO - 1 change detected
2025-05-17 14:07:20,672 - watchfiles.main - INFO - 1 change detected
2025-05-17 14:07:21,034 - watchfiles.main - INFO - 1 change detected
2025-05-17 14:07:21,389 - watchfiles.main - INFO - 1 change detected
2025-05-17 14:07:21,750 - watchfiles.main - INFO - 1 change detected
2025-05-17 14:07:22,102 - watchfiles.main - INFO - 1 change detected
2025-05-17 14:07:22,457 - watchfiles.main - INFO - 1 change detected
2025-05-17 14:07:22,815 - watchfiles.main - INFO - 1 change detected
2025-05-17 14:07:23,167 - watchfiles.main - INFO - 1 change detected
2025-05-17 14:07:23,521 - watchfiles.main - INFO - 1 change detected
2025-05-17 14:07:23,878 - watchfiles.main - INFO - 1 change detected
2025-05-17 14:07:24,234 - watchfiles.main - INFO - 1 change detected
2025-05-17 14:07:24,595 - watchfiles.main - INFO - 1 change detected
2025-05-17 14:07:24,947 - watchfiles.main - INFO - 1 change detected
2025-05-17 14:07:25,306 - watchfiles.main - INFO - 1 change detected
2025-05-17 14:07:25,669 - watchfiles.main - INFO - 1 change detected
2025-05-17 14:07:26,025 - watchfiles.main - INFO - 1 change detected
2025-05-17 14:07:26,381 - watchfiles.main - INFO - 1 change detected
2025-05-17 14:07:26,740 - watchfiles.main - INFO - 1 change detected
2025-05-17 14:07:27,098 - watchfiles.main - INFO - 1 change detected
2025-05-17 14:07:27,456 - watchfiles.main - INFO - 1 change detected
2025-05-17 14:07:27,814 - watchfiles.main - INFO - 1 change detected
2025-05-17 14:07:28,173 - watchfiles.main - INFO - 1 change detected
2025-05-17 14:07:28,532 - watchfiles.main - INFO - 1 change detected
2025-05-17 14:07:28,889 - watchfiles.main - INFO - 1 change detected
2025-05-17 14:07:29,246 - watchfiles.main - INFO - 1 change detected
2025-05-17 14:07:29,606 - watchfiles.main - INFO - 1 change detected
2025-05-17 14:07:29,963 - watchfiles.main - INFO - 1 change detected
2025-05-17 14:07:30,324 - watchfiles.main - INFO - 1 change detected
2025-05-17 14:07:30,681 - watchfiles.main - INFO - 1 change detected
2025-05-17 14:07:31,038 - watchfiles.main - INFO - 1 change detected
2025-05-17 14:07:31,398 - watchfiles.main - INFO - 1 change detected
2025-05-17 14:07:31,755 - watchfiles.main - INFO - 1 change detected
2025-05-17 14:07:32,113 - watchfiles.main - INFO - 1 change detected
2025-05-17 14:07:32,471 - watchfiles.main - INFO - 1 change detected
2025-05-17 14:07:32,827 - watchfiles.main - INFO - 1 change detected
2025-05-17 14:07:33,186 - watchfiles.main - INFO - 1 change detected
2025-05-17 14:07:33,545 - watchfiles.main - INFO - 1 change detected
2025-05-17 14:07:33,904 - watchfiles.main - INFO - 1 change detected
2025-05-17 14:07:34,263 - watchfiles.main - INFO - 1 change detected
2025-05-17 14:07:34,621 - watchfiles.main - INFO - 1 change detected
2025-05-17 14:07:34,977 - watchfiles.main - INFO - 1 change detected
2025-05-17 14:07:35,334 - watchfiles.main - INFO - 1 change detected
2025-05-17 14:07:35,693 - watchfiles.main - INFO - 1 change detected
2025-05-17 14:07:36,050 - watchfiles.main - INFO - 1 change detected
2025-05-17 14:07:36,407 - watchfiles.main - INFO - 1 change detected
2025-05-17 14:07:36,768 - watchfiles.main - INFO - 1 change detected
2025-05-17 14:07:37,129 - watchfiles.main - INFO - 1 change detected
2025-05-17 14:07:37,486 - watchfiles.main - INFO - 1 change detected
2025-05-17 14:07:37,846 - watchfiles.main - INFO - 1 change detected
2025-05-17 14:07:38,202 - watchfiles.main - INFO - 1 change detected
2025-05-17 14:07:38,561 - watchfiles.main - INFO - 1 change detected
2025-05-17 14:07:38,919 - watchfiles.main - INFO - 1 change detected
2025-05-17 14:07:39,277 - watchfiles.main - INFO - 1 change detected
2025-05-17 14:07:39,636 - watchfiles.main - INFO - 1 change detected
2025-05-17 14:07:39,993 - watchfiles.main - INFO - 1 change detected
2025-05-17 14:07:40,352 - watchfiles.main - INFO - 1 change detected
2025-05-17 14:07:40,710 - watchfiles.main - INFO - 1 change detected
2025-05-17 14:07:41,069 - watchfiles.main - INFO - 1 change detected
2025-05-17 14:07:41,428 - watchfiles.main - INFO - 1 change detected
2025-05-17 14:07:41,786 - watchfiles.main - INFO - 1 change detected
2025-05-17 14:07:42,148 - watchfiles.main - INFO - 1 change detected
2025-05-17 14:07:42,506 - watchfiles.main - INFO - 1 change detected
2025-05-17 14:07:42,864 - watchfiles.main - INFO - 1 change detected
2025-05-17 14:07:43,219 - watchfiles.main - INFO - 1 change detected
2025-05-17 14:07:43,577 - watchfiles.main - INFO - 1 change detected
2025-05-17 14:07:43,936 - watchfiles.main - INFO - 1 change detected
2025-05-17 14:07:44,290 - watchfiles.main - INFO - 1 change detected
2025-05-17 14:07:44,646 - watchfiles.main - INFO - 1 change detected
2025-05-17 14:07:45,005 - watchfiles.main - INFO - 1 change detected
2025-05-17 14:07:45,361 - watchfiles.main - INFO - 1 change detected
2025-05-17 14:07:45,720 - watchfiles.main - INFO - 1 change detected
2025-05-17 14:07:46,076 - watchfiles.main - INFO - 1 change detected
2025-05-17 14:07:46,434 - watchfiles.main - INFO - 1 change detected
2025-05-17 14:07:46,791 - watchfiles.main - INFO - 1 change detected
2025-05-17 14:07:47,146 - watchfiles.main - INFO - 1 change detected
2025-05-17 14:07:47,502 - watchfiles.main - INFO - 1 change detected
2025-05-17 14:07:47,858 - watchfiles.main - INFO - 1 change detected
2025-05-17 14:07:48,214 - watchfiles.main - INFO - 1 change detected
2025-05-17 14:07:48,571 - watchfiles.main - INFO - 1 change detected
2025-05-17 14:07:48,927 - watchfiles.main - INFO - 1 change detected
2025-05-17 14:07:49,284 - watchfiles.main - INFO - 2 changes detected
2025-05-17 14:07:49,285 - uvicorn.error - WARNING - WatchFiles detected changes in 'server.py'. Reloading...
2025-05-17 14:07:49,354 - uvicorn.error - INFO - Shutting down
2025-05-17 14:07:49,463 - uvicorn.error - INFO - Waiting for application shutdown.
2025-05-17 14:07:49,464 - uvicorn.error - INFO - Application shutdown complete.
2025-05-17 14:07:49,465 - uvicorn.error - INFO - Finished server process [33276]
2025-05-17 14:07:49,985 - watchfiles.main - INFO - 1 change detected
2025-05-17 14:07:50,343 - watchfiles.main - INFO - 5 changes detected
2025-05-17 14:07:50,902 - watchfiles.main - INFO - 2 changes detected
2025-05-17 14:07:51,264 - watchfiles.main - INFO - 1 change detected
2025-05-17 14:07:52,321 - watchfiles.main - INFO - 1 change detected
2025-05-17 14:07:52,673 - watchfiles.main - INFO - 1 change detected
2025-05-17 14:07:54,587 - watchfiles.main - INFO - 1 change detected
2025-05-17 14:09:32,175 - watchfiles.main - INFO - 1 change detected
2025-05-17 14:09:32,529 - watchfiles.main - INFO - 1 change detected
2025-05-17 14:09:32,888 - watchfiles.main - INFO - 1 change detected
2025-05-17 14:09:33,242 - watchfiles.main - INFO - 1 change detected
2025-05-17 14:09:33,597 - watchfiles.main - INFO - 1 change detected
2025-05-17 14:09:33,955 - watchfiles.main - INFO - 1 change detected
2025-05-17 14:09:34,309 - watchfiles.main - INFO - 1 change detected
2025-05-17 14:09:34,667 - watchfiles.main - INFO - 1 change detected
2025-05-17 14:09:35,030 - watchfiles.main - INFO - 1 change detected
2025-05-17 14:09:35,390 - watchfiles.main - INFO - 1 change detected
2025-05-17 14:09:35,749 - watchfiles.main - INFO - 1 change detected
2025-05-17 14:09:36,110 - watchfiles.main - INFO - 1 change detected
2025-05-17 14:09:36,465 - watchfiles.main - INFO - 1 change detected
2025-05-17 14:09:36,824 - watchfiles.main - INFO - 1 change detected
2025-05-17 14:09:37,184 - watchfiles.main - INFO - 1 change detected
2025-05-17 14:09:37,541 - watchfiles.main - INFO - 2 changes detected
2025-05-17 14:09:37,541 - uvicorn.error - WARNING - WatchFiles detected changes in 'server.py'. Reloading...
2025-05-17 14:09:38,278 - watchfiles.main - INFO - 7 changes detected
2025-05-17 14:09:56,351 - uvicorn.error - INFO - Stopping reloader process [37764]
