2025-05-17 14:07:50,823 - uvicorn.error - INFO - Started server process [37364]
2025-05-17 14:07:50,824 - uvicorn.error - INFO - Waiting for application startup.
2025-05-17 14:07:50,825 - uvicorn.error - INFO - Application startup complete.
2025-05-17 14:09:37,595 - uvicorn.error - INFO - Shutting down
2025-05-17 14:09:37,702 - uvicorn.error - INFO - Waiting for application shutdown.
2025-05-17 14:09:37,703 - uvicorn.error - INFO - Application shutdown complete.
2025-05-17 14:09:37,704 - uvicorn.error - INFO - Finished server process [37364]
2025-05-17 14:09:39,010 - uvicorn.error - INFO - Started server process [17316]
2025-05-17 14:09:39,011 - uvicorn.error - INFO - Waiting for application startup.
2025-05-17 14:09:39,012 - uvicorn.error - INFO - Application startup complete.
2025-05-17 14:09:56,157 - uvicorn.error - INFO - Shutting down
2025-05-17 14:09:56,266 - uvicorn.error - INFO - Waiting for application shutdown.
2025-05-17 14:09:56,267 - uvicorn.error - INFO - Application shutdown complete.
2025-05-17 14:09:56,267 - uvicorn.error - INFO - Finished server process [17316]
2025-05-17 14:14:00,788 - googleapiclient.discovery_cache - INFO - file_cache is only supported with oauth2client<4.0.0
2025-05-17 14:14:00,792 - spotipy.oauth2 - INFO - User authentication requires interaction with your web browser. Once you enter your credentials and give authorization, you will be redirected to a url.  Paste that url you were directed to to complete the authorization.
2025-05-17 14:14:00,961 - spotipy.oauth2 - INFO - Opened https://accounts.spotify.com/authorize?client_id=74c1b98608a4410a802f437c179a2c12&response_type=code&redirect_uri=http%3A%2F%2Flocalhost%3A3000%2Fcallback&scope=playlist-modify-private+playlist-modify-public+playlist-read-private+playlist-read-collaborative&show_dialog=True in your browser
2025-05-17 14:14:22,324 - googleapiclient.discovery_cache - INFO - file_cache is only supported with oauth2client<4.0.0
2025-05-19 14:10:41,399 - uvicorn.error - INFO - Will watch for changes in these directories: ['C:\\Users\\rcroo\\Desktop\\SYNCER\\backend']
2025-05-19 14:10:41,402 - uvicorn.error - INFO - Uvicorn running on http://127.0.0.1:8000 (Press CTRL+C to quit)
2025-05-19 14:10:41,403 - uvicorn.error - INFO - Started reloader process [31824] using WatchFiles
2025-05-19 14:10:42,630 - uvicorn.error - INFO - Started server process [7768]
2025-05-19 14:10:42,632 - uvicorn.error - INFO - Waiting for application startup.
2025-05-19 14:10:42,632 - uvicorn.error - INFO - Application startup complete.
2025-05-20 15:16:09,222 - uvicorn.error - INFO - Will watch for changes in these directories: ['C:\\Users\\rcroo\\Desktop\\SYNCER\\backend']
2025-05-20 15:16:09,224 - uvicorn.error - INFO - Uvicorn running on http://127.0.0.1:8000 (Press CTRL+C to quit)
2025-05-20 15:16:09,225 - uvicorn.error - INFO - Started reloader process [29624] using WatchFiles
2025-05-20 15:16:10,396 - uvicorn.error - INFO - Started server process [27744]
2025-05-20 15:16:10,397 - uvicorn.error - INFO - Waiting for application startup.
2025-05-20 15:16:10,398 - uvicorn.error - INFO - Application startup complete.
2025-05-20 15:23:30,186 - googleapiclient.discovery_cache - INFO - file_cache is only supported with oauth2client<4.0.0
2025-05-20 15:23:30,191 - spotipy.oauth2 - INFO - User authentication requires interaction with your web browser. Once you enter your credentials and give authorization, you will be redirected to a url.  Paste that url you were directed to to complete the authorization.
2025-05-20 15:23:30,260 - watchfiles.main - INFO - 3 changes detected
2025-05-20 15:23:30,336 - spotipy.oauth2 - INFO - Opened https://accounts.spotify.com/authorize?client_id=74c1b98608a4410a802f437c179a2c12&response_type=code&redirect_uri=http%3A%2F%2Flocalhost%3A3000%2Fcallback&scope=playlist-modify-private+playlist-modify-public+playlist-read-private+playlist-read-collaborative&show_dialog=True in your browser
2025-05-20 15:23:53,966 - watchfiles.main - INFO - 1 change detected
2025-05-20 15:24:15,758 - googleapiclient.discovery_cache - INFO - file_cache is only supported with oauth2client<4.0.0
2025-05-20 15:24:15,846 - watchfiles.main - INFO - 1 change detected
2025-05-20 15:24:41,437 - googleapiclient.discovery_cache - INFO - file_cache is only supported with oauth2client<4.0.0
2025-05-20 15:24:41,441 - spotipy.oauth2 - INFO - User authentication requires interaction with your web browser. Once you enter your credentials and give authorization, you will be redirected to a url.  Paste that url you were directed to to complete the authorization.
2025-05-20 15:24:41,474 - spotipy.oauth2 - INFO - Opened https://accounts.spotify.com/authorize?client_id=74c1b98608a4410a802f437c179a2c12&response_type=code&redirect_uri=http%3A%2F%2Flocalhost%3A3000%2Fcallback&scope=playlist-modify-private+playlist-modify-public+playlist-read-private+playlist-read-collaborative&show_dialog=True in your browser
2025-05-20 15:24:41,492 - watchfiles.main - INFO - 2 changes detected
2025-05-20 15:24:43,409 - watchfiles.main - INFO - 1 change detected
2025-05-20 15:24:55,664 - spotipy.oauth2 - INFO - User authentication requires interaction with your web browser. Once you enter your credentials and give authorization, you will be redirected to a url.  Paste that url you were directed to to complete the authorization.
2025-05-20 15:24:55,683 - spotipy.oauth2 - INFO - Opened https://accounts.spotify.com/authorize?client_id=74c1b98608a4410a802f437c179a2c12&response_type=code&redirect_uri=http%3A%2F%2Flocalhost%3A3000%2Fcallback&scope=playlist-modify-private+playlist-modify-public+playlist-read-private+playlist-read-collaborative&show_dialog=True in your browser
2025-05-20 15:24:55,729 - watchfiles.main - INFO - 2 changes detected
2025-05-20 15:24:58,606 - watchfiles.main - INFO - 1 change detected
2025-05-20 15:25:25,710 - googleapiclient.discovery_cache - INFO - file_cache is only supported with oauth2client<4.0.0
2025-05-20 15:25:25,717 - spotipy.oauth2 - INFO - User authentication requires interaction with your web browser. Once you enter your credentials and give authorization, you will be redirected to a url.  Paste that url you were directed to to complete the authorization.
2025-05-20 15:25:25,749 - spotipy.oauth2 - INFO - Opened https://accounts.spotify.com/authorize?client_id=74c1b98608a4410a802f437c179a2c12&response_type=code&redirect_uri=http%3A%2F%2Flocalhost%3A3000%2Fcallback&scope=playlist-modify-private+playlist-modify-public+playlist-read-private+playlist-read-collaborative&show_dialog=True in your browser
2025-05-20 15:25:25,781 - watchfiles.main - INFO - 2 changes detected
2025-05-20 15:25:27,744 - watchfiles.main - INFO - 1 change detected
2025-05-20 15:26:55,104 - watchfiles.main - INFO - 1 change detected
2025-05-20 15:34:01,518 - googleapiclient.discovery_cache - INFO - file_cache is only supported with oauth2client<4.0.0
2025-05-20 15:34:40,012 - server - ERROR - Error merging playlists: merge_playlists() missing 1 required positional argument: 'merge_name'
2025-05-20 15:34:40,012 - server - ERROR - API Error: Failed to merge playlists: merge_playlists() missing 1 required positional argument: 'merge_name'
2025-05-20 15:39:25,481 - server - ERROR - Error merging playlists: merge_playlists() missing 1 required positional argument: 'merge_name'
2025-05-20 15:39:25,481 - server - ERROR - API Error: Failed to merge playlists: merge_playlists() missing 1 required positional argument: 'merge_name'
2025-05-20 15:40:23,873 - watchfiles.main - INFO - 1 change detected
2025-05-20 15:40:23,873 - uvicorn.error - WARNING - WatchFiles detected changes in 'server.py'. Reloading...
2025-05-20 15:40:23,914 - uvicorn.error - INFO - Shutting down
2025-05-20 15:40:24,024 - uvicorn.error - INFO - Waiting for application shutdown.
2025-05-20 15:40:24,025 - uvicorn.error - INFO - Application shutdown complete.
2025-05-20 15:40:24,026 - uvicorn.error - INFO - Finished server process [27744]
2025-05-20 15:40:24,545 - watchfiles.main - INFO - 1 change detected
2025-05-20 15:40:24,900 - watchfiles.main - INFO - 5 changes detected
2025-05-20 15:40:25,670 - uvicorn.error - INFO - Started server process [38272]
2025-05-20 15:40:25,672 - uvicorn.error - INFO - Waiting for application startup.
2025-05-20 15:40:25,673 - uvicorn.error - INFO - Application startup complete.
2025-05-20 15:40:30,028 - watchfiles.main - INFO - 1 change detected
2025-05-20 15:40:30,387 - watchfiles.main - INFO - 1 change detected
2025-05-20 15:40:30,747 - watchfiles.main - INFO - 1 change detected
2025-05-20 15:40:31,155 - watchfiles.main - INFO - 1 change detected
2025-05-20 15:40:31,521 - watchfiles.main - INFO - 1 change detected
2025-05-20 15:40:31,928 - watchfiles.main - INFO - 1 change detected
2025-05-20 15:40:32,291 - watchfiles.main - INFO - 1 change detected
2025-05-20 15:40:32,651 - watchfiles.main - INFO - 1 change detected
2025-05-20 15:40:33,009 - watchfiles.main - INFO - 1 change detected
2025-05-20 15:40:33,365 - watchfiles.main - INFO - 1 change detected
2025-05-20 15:40:33,723 - watchfiles.main - INFO - 1 change detected
2025-05-20 15:40:34,082 - watchfiles.main - INFO - 1 change detected
2025-05-20 15:40:34,442 - watchfiles.main - INFO - 1 change detected
2025-05-20 15:40:34,849 - watchfiles.main - INFO - 1 change detected
2025-05-20 15:40:35,205 - watchfiles.main - INFO - 1 change detected
2025-05-20 15:40:35,611 - watchfiles.main - INFO - 1 change detected
2025-05-20 15:40:36,016 - watchfiles.main - INFO - 1 change detected
2025-05-20 15:40:36,373 - watchfiles.main - INFO - 1 change detected
2025-05-20 15:40:36,777 - watchfiles.main - INFO - 1 change detected
2025-05-20 15:40:37,184 - watchfiles.main - INFO - 1 change detected
2025-05-20 15:40:37,587 - watchfiles.main - INFO - 1 change detected
2025-05-20 15:40:37,945 - watchfiles.main - INFO - 1 change detected
2025-05-20 15:40:38,356 - watchfiles.main - INFO - 1 change detected
2025-05-20 15:40:38,713 - watchfiles.main - INFO - 1 change detected
2025-05-20 15:40:39,117 - watchfiles.main - INFO - 1 change detected
2025-05-20 15:40:39,520 - watchfiles.main - INFO - 1 change detected
2025-05-20 15:40:39,880 - watchfiles.main - INFO - 1 change detected
2025-05-20 15:40:40,284 - watchfiles.main - INFO - 1 change detected
2025-05-20 15:40:40,690 - watchfiles.main - INFO - 1 change detected
2025-05-20 15:40:41,042 - watchfiles.main - INFO - 1 change detected
2025-05-20 15:40:41,455 - watchfiles.main - INFO - 1 change detected
2025-05-20 15:40:41,860 - watchfiles.main - INFO - 1 change detected
2025-05-20 15:40:42,266 - watchfiles.main - INFO - 1 change detected
2025-05-20 15:40:42,670 - watchfiles.main - INFO - 1 change detected
2025-05-20 15:40:43,034 - watchfiles.main - INFO - 1 change detected
2025-05-20 15:40:43,444 - watchfiles.main - INFO - 1 change detected
2025-05-20 15:40:43,797 - watchfiles.main - INFO - 1 change detected
2025-05-20 15:40:44,203 - watchfiles.main - INFO - 1 change detected
2025-05-20 15:40:44,609 - watchfiles.main - INFO - 1 change detected
2025-05-20 15:40:45,011 - watchfiles.main - INFO - 1 change detected
2025-05-20 15:40:45,377 - watchfiles.main - INFO - 1 change detected
2025-05-20 15:40:45,787 - watchfiles.main - INFO - 1 change detected
2025-05-20 15:40:46,143 - watchfiles.main - INFO - 1 change detected
2025-05-20 15:40:46,552 - watchfiles.main - INFO - 1 change detected
2025-05-20 15:40:46,955 - watchfiles.main - INFO - 1 change detected
2025-05-20 15:40:47,311 - watchfiles.main - INFO - 1 change detected
2025-05-20 15:40:47,722 - watchfiles.main - INFO - 1 change detected
2025-05-20 15:40:48,126 - watchfiles.main - INFO - 1 change detected
2025-05-20 15:40:48,482 - watchfiles.main - INFO - 1 change detected
2025-05-20 15:40:48,891 - watchfiles.main - INFO - 1 change detected
2025-05-20 15:40:49,298 - watchfiles.main - INFO - 1 change detected
2025-05-20 15:40:49,651 - watchfiles.main - INFO - 1 change detected
2025-05-20 15:40:50,062 - watchfiles.main - INFO - 1 change detected
2025-05-20 15:40:50,426 - watchfiles.main - INFO - 1 change detected
2025-05-20 15:40:50,839 - watchfiles.main - INFO - 1 change detected
2025-05-20 15:40:51,195 - watchfiles.main - INFO - 1 change detected
2025-05-20 15:40:51,599 - watchfiles.main - INFO - 1 change detected
2025-05-20 15:40:52,007 - watchfiles.main - INFO - 1 change detected
2025-05-20 15:40:52,362 - watchfiles.main - INFO - 1 change detected
2025-05-20 15:40:52,771 - watchfiles.main - INFO - 1 change detected
2025-05-20 15:40:53,178 - watchfiles.main - INFO - 1 change detected
2025-05-20 15:40:53,535 - watchfiles.main - INFO - 1 change detected
2025-05-20 15:40:53,944 - watchfiles.main - INFO - 1 change detected
2025-05-20 15:40:54,348 - watchfiles.main - INFO - 1 change detected
2025-05-20 15:40:54,702 - watchfiles.main - INFO - 1 change detected
2025-05-20 15:40:55,106 - watchfiles.main - INFO - 1 change detected
2025-05-20 15:40:55,514 - watchfiles.main - INFO - 1 change detected
2025-05-20 15:40:55,871 - watchfiles.main - INFO - 1 change detected
2025-05-20 15:40:56,279 - watchfiles.main - INFO - 1 change detected
2025-05-20 15:40:56,683 - watchfiles.main - INFO - 1 change detected
2025-05-20 15:40:57,041 - watchfiles.main - INFO - 1 change detected
2025-05-20 15:40:57,452 - watchfiles.main - INFO - 1 change detected
2025-05-20 15:40:57,858 - watchfiles.main - INFO - 1 change detected
2025-05-20 15:40:58,217 - watchfiles.main - INFO - 1 change detected
2025-05-20 15:40:58,301 - server - ERROR - Validation Error: [{'type': 'missing', 'loc': ('query', 'merge_name'), 'msg': 'Field required', 'input': None}]
2025-05-20 15:40:58,624 - watchfiles.main - INFO - 1 change detected
2025-05-20 15:40:59,032 - watchfiles.main - INFO - 1 change detected
2025-05-20 15:40:59,387 - watchfiles.main - INFO - 1 change detected
2025-05-20 15:40:59,793 - watchfiles.main - INFO - 1 change detected
2025-05-20 15:41:00,199 - watchfiles.main - INFO - 1 change detected
2025-05-20 15:41:00,553 - watchfiles.main - INFO - 1 change detected
2025-05-20 15:41:00,961 - watchfiles.main - INFO - 1 change detected
2025-05-20 15:41:01,371 - watchfiles.main - INFO - 1 change detected
2025-05-20 15:41:01,729 - watchfiles.main - INFO - 1 change detected
2025-05-20 15:41:02,141 - watchfiles.main - INFO - 1 change detected
2025-05-20 15:41:02,545 - watchfiles.main - INFO - 1 change detected
2025-05-20 15:41:02,904 - watchfiles.main - INFO - 1 change detected
2025-05-20 15:41:03,310 - watchfiles.main - INFO - 1 change detected
2025-05-20 15:41:03,716 - watchfiles.main - INFO - 1 change detected
2025-05-20 15:41:04,117 - watchfiles.main - INFO - 1 change detected
2025-05-20 15:41:04,474 - watchfiles.main - INFO - 1 change detected
2025-05-20 15:41:04,889 - watchfiles.main - INFO - 1 change detected
2025-05-20 15:41:05,243 - watchfiles.main - INFO - 1 change detected
2025-05-20 15:41:05,652 - watchfiles.main - INFO - 1 change detected
2025-05-20 15:41:06,055 - watchfiles.main - INFO - 1 change detected
2025-05-20 15:41:06,406 - watchfiles.main - INFO - 1 change detected
2025-05-20 15:41:06,818 - watchfiles.main - INFO - 1 change detected
2025-05-20 15:41:07,223 - watchfiles.main - INFO - 1 change detected
2025-05-20 15:41:07,578 - watchfiles.main - INFO - 1 change detected
2025-05-20 15:41:07,991 - watchfiles.main - INFO - 1 change detected
2025-05-20 15:41:08,401 - watchfiles.main - INFO - 1 change detected
2025-05-20 15:41:08,808 - watchfiles.main - INFO - 1 change detected
2025-05-20 15:41:09,213 - watchfiles.main - INFO - 1 change detected
2025-05-20 15:41:09,624 - watchfiles.main - INFO - 1 change detected
2025-05-20 15:41:09,981 - watchfiles.main - INFO - 1 change detected
2025-05-20 15:41:10,389 - watchfiles.main - INFO - 1 change detected
2025-05-20 15:41:10,797 - watchfiles.main - INFO - 1 change detected
2025-05-20 15:41:11,155 - watchfiles.main - INFO - 1 change detected
2025-05-20 15:41:11,559 - watchfiles.main - INFO - 1 change detected
2025-05-20 15:41:11,969 - watchfiles.main - INFO - 1 change detected
2025-05-20 15:41:12,372 - watchfiles.main - INFO - 1 change detected
2025-05-20 15:41:12,728 - watchfiles.main - INFO - 1 change detected
2025-05-20 15:41:13,136 - watchfiles.main - INFO - 1 change detected
2025-05-20 15:41:13,493 - watchfiles.main - INFO - 1 change detected
2025-05-20 15:41:13,899 - watchfiles.main - INFO - 1 change detected
2025-05-20 15:41:14,304 - watchfiles.main - INFO - 1 change detected
2025-05-20 15:41:14,660 - watchfiles.main - INFO - 1 change detected
2025-05-20 15:41:15,067 - watchfiles.main - INFO - 1 change detected
2025-05-20 15:41:15,474 - watchfiles.main - INFO - 1 change detected
2025-05-20 15:41:15,830 - watchfiles.main - INFO - 1 change detected
2025-05-20 15:41:16,238 - watchfiles.main - INFO - 1 change detected
2025-05-20 15:41:16,644 - watchfiles.main - INFO - 1 change detected
2025-05-20 15:41:17,000 - watchfiles.main - INFO - 1 change detected
2025-05-20 15:41:17,411 - watchfiles.main - INFO - 1 change detected
2025-05-20 15:41:36,926 - uvicorn.error - INFO - Will watch for changes in these directories: ['C:\\Users\\rcroo\\Desktop\\SYNCER\\backend']
2025-05-20 15:41:36,928 - uvicorn.error - INFO - Uvicorn running on http://127.0.0.1:8000 (Press CTRL+C to quit)
2025-05-20 15:41:36,929 - uvicorn.error - INFO - Started reloader process [33752] using WatchFiles
2025-05-20 15:41:38,431 - uvicorn.error - INFO - Started server process [19340]
2025-05-20 15:41:38,433 - uvicorn.error - INFO - Waiting for application startup.
2025-05-20 15:41:38,434 - uvicorn.error - INFO - Application startup complete.
2025-05-20 15:44:59,471 - googleapiclient.discovery_cache - INFO - file_cache is only supported with oauth2client<4.0.0
2025-05-20 15:44:59,479 - spotipy.oauth2 - INFO - User authentication requires interaction with your web browser. Once you enter your credentials and give authorization, you will be redirected to a url.  Paste that url you were directed to to complete the authorization.
2025-05-20 15:44:59,572 - watchfiles.main - INFO - 2 changes detected
2025-05-20 15:44:59,669 - spotipy.oauth2 - INFO - Opened https://accounts.spotify.com/authorize?client_id=74c1b98608a4410a802f437c179a2c12&response_type=code&redirect_uri=http%3A%2F%2Flocalhost%3A3000%2Fcallback&scope=playlist-modify-private+playlist-modify-public+playlist-read-private+playlist-read-collaborative&show_dialog=True in your browser
2025-05-20 15:45:01,796 - watchfiles.main - INFO - 1 change detected
2025-05-20 15:45:04,722 - watchfiles.main - INFO - 1 change detected
2025-05-20 15:45:09,984 - server - ERROR - Error merging playlists: 'NoneType' object is not subscriptable
2025-05-20 15:45:09,985 - server - ERROR - API Error: Failed to merge playlists: 'NoneType' object is not subscriptable
2025-05-20 15:46:07,613 - googleapiclient.discovery_cache - INFO - file_cache is only supported with oauth2client<4.0.0
2025-05-20 15:46:07,619 - spotipy.oauth2 - INFO - User authentication requires interaction with your web browser. Once you enter your credentials and give authorization, you will be redirected to a url.  Paste that url you were directed to to complete the authorization.
2025-05-20 15:46:07,798 - spotipy.oauth2 - INFO - Opened https://accounts.spotify.com/authorize?client_id=74c1b98608a4410a802f437c179a2c12&response_type=code&redirect_uri=http%3A%2F%2Flocalhost%3A3000%2Fcallback&scope=playlist-modify-private+playlist-modify-public+playlist-read-private+playlist-read-collaborative&show_dialog=True in your browser
2025-05-20 15:46:17,947 - server - ERROR - Error merging playlists: 'NoneType' object is not subscriptable
2025-05-20 15:46:17,948 - server - ERROR - API Error: Failed to merge playlists: 'NoneType' object is not subscriptable
2025-05-20 15:59:56,783 - googleapiclient.discovery_cache - INFO - file_cache is only supported with oauth2client<4.0.0
2025-05-20 15:59:56,788 - spotipy.oauth2 - INFO - User authentication requires interaction with your web browser. Once you enter your credentials and give authorization, you will be redirected to a url.  Paste that url you were directed to to complete the authorization.
2025-05-20 15:59:56,980 - spotipy.oauth2 - INFO - Opened https://accounts.spotify.com/authorize?client_id=74c1b98608a4410a802f437c179a2c12&response_type=code&redirect_uri=http%3A%2F%2Flocalhost%3A3000%2Fcallback&scope=playlist-modify-private+playlist-modify-public+playlist-read-private+playlist-read-collaborative&show_dialog=True in your browser
2025-05-20 16:00:07,859 - server - ERROR - Error merging playlists: 'NoneType' object is not subscriptable
2025-05-20 16:00:07,860 - server - ERROR - API Error: Failed to merge playlists: 'NoneType' object is not subscriptable
2025-05-20 16:06:26,989 - server - ERROR - Validation Error: [{'type': 'missing', 'loc': ('query', 'artists'), 'msg': 'Field required', 'input': None}]
2025-05-20 16:37:06,251 - googleapiclient.discovery_cache - INFO - file_cache is only supported with oauth2client<4.0.0
2025-05-20 16:37:06,255 - spotipy.oauth2 - INFO - User authentication requires interaction with your web browser. Once you enter your credentials and give authorization, you will be redirected to a url.  Paste that url you were directed to to complete the authorization.
2025-05-20 16:37:06,460 - spotipy.oauth2 - INFO - Opened https://accounts.spotify.com/authorize?client_id=74c1b98608a4410a802f437c179a2c12&response_type=code&redirect_uri=http%3A%2F%2Flocalhost%3A3000%2Fcallback&scope=playlist-modify-private+playlist-modify-public+playlist-read-private+playlist-read-collaborative&show_dialog=True in your browser
2025-05-20 16:37:17,516 - server - ERROR - Error merging playlists: 'NoneType' object is not subscriptable
2025-05-20 16:37:17,517 - server - ERROR - API Error: Failed to merge playlists: 'NoneType' object is not subscriptable
2025-05-20 16:38:23,311 - googleapiclient.discovery_cache - INFO - file_cache is only supported with oauth2client<4.0.0
2025-05-20 16:38:23,317 - spotipy.oauth2 - INFO - User authentication requires interaction with your web browser. Once you enter your credentials and give authorization, you will be redirected to a url.  Paste that url you were directed to to complete the authorization.
2025-05-20 16:38:23,525 - spotipy.oauth2 - INFO - Opened https://accounts.spotify.com/authorize?client_id=74c1b98608a4410a802f437c179a2c12&response_type=code&redirect_uri=http%3A%2F%2Flocalhost%3A3000%2Fcallback&scope=playlist-modify-private+playlist-modify-public+playlist-read-private+playlist-read-collaborative&show_dialog=True in your browser
2025-05-20 16:38:33,232 - server - ERROR - Error merging playlists: Could not find (after creation) YouTube playlist named 'pew pew'
2025-05-20 16:38:33,233 - server - ERROR - API Error: Failed to merge playlists: Could not find (after creation) YouTube playlist named 'pew pew'
2025-05-20 16:40:20,341 - googleapiclient.discovery_cache - INFO - file_cache is only supported with oauth2client<4.0.0
2025-05-20 16:40:20,346 - spotipy.oauth2 - INFO - User authentication requires interaction with your web browser. Once you enter your credentials and give authorization, you will be redirected to a url.  Paste that url you were directed to to complete the authorization.
2025-05-20 16:40:20,545 - spotipy.oauth2 - INFO - Opened https://accounts.spotify.com/authorize?client_id=74c1b98608a4410a802f437c179a2c12&response_type=code&redirect_uri=http%3A%2F%2Flocalhost%3A3000%2Fcallback&scope=playlist-modify-private+playlist-modify-public+playlist-read-private+playlist-read-collaborative&show_dialog=True in your browser
2025-05-20 16:40:29,715 - server - ERROR - Error merging playlists: name 'time' is not defined
2025-05-20 16:40:29,716 - server - ERROR - API Error: Failed to merge playlists: name 'time' is not defined
2025-05-20 16:40:59,722 - googleapiclient.discovery_cache - INFO - file_cache is only supported with oauth2client<4.0.0
2025-05-20 16:40:59,728 - spotipy.oauth2 - INFO - User authentication requires interaction with your web browser. Once you enter your credentials and give authorization, you will be redirected to a url.  Paste that url you were directed to to complete the authorization.
2025-05-20 16:40:59,922 - spotipy.oauth2 - INFO - Opened https://accounts.spotify.com/authorize?client_id=74c1b98608a4410a802f437c179a2c12&response_type=code&redirect_uri=http%3A%2F%2Flocalhost%3A3000%2Fcallback&scope=playlist-modify-private+playlist-modify-public+playlist-read-private+playlist-read-collaborative&show_dialog=True in your browser
2025-05-20 18:47:46,788 - googleapiclient.discovery_cache - INFO - file_cache is only supported with oauth2client<4.0.0
2025-05-20 18:47:46,793 - spotipy.oauth2 - INFO - User authentication requires interaction with your web browser. Once you enter your credentials and give authorization, you will be redirected to a url.  Paste that url you were directed to to complete the authorization.
2025-05-20 18:47:46,836 - spotipy.oauth2 - INFO - Opened https://accounts.spotify.com/authorize?client_id=74c1b98608a4410a802f437c179a2c12&response_type=code&redirect_uri=http%3A%2F%2Flocalhost%3A3000%2Fcallback&scope=playlist-modify-private+playlist-modify-public+playlist-read-private+playlist-read-collaborative&show_dialog=True in your browser
2025-05-20 19:04:57,304 - googleapiclient.discovery_cache - INFO - file_cache is only supported with oauth2client<4.0.0
2025-05-20 19:04:57,310 - spotipy.oauth2 - INFO - User authentication requires interaction with your web browser. Once you enter your credentials and give authorization, you will be redirected to a url.  Paste that url you were directed to to complete the authorization.
2025-05-20 19:04:57,512 - spotipy.oauth2 - INFO - Opened https://accounts.spotify.com/authorize?client_id=74c1b98608a4410a802f437c179a2c12&response_type=code&redirect_uri=http%3A%2F%2Flocalhost%3A3000%2Fcallback&scope=playlist-modify-private+playlist-modify-public+playlist-read-private+playlist-read-collaborative&show_dialog=True in your browser
2025-05-20 19:07:25,464 - googleapiclient.discovery_cache - INFO - file_cache is only supported with oauth2client<4.0.0
2025-05-20 19:07:25,469 - spotipy.oauth2 - INFO - User authentication requires interaction with your web browser. Once you enter your credentials and give authorization, you will be redirected to a url.  Paste that url you were directed to to complete the authorization.
2025-05-20 19:07:25,681 - spotipy.oauth2 - INFO - Opened https://accounts.spotify.com/authorize?client_id=74c1b98608a4410a802f437c179a2c12&response_type=code&redirect_uri=http%3A%2F%2Flocalhost%3A3000%2Fcallback&scope=playlist-modify-private+playlist-modify-public+playlist-read-private+playlist-read-collaborative&show_dialog=True in your browser
2025-05-20 19:18:56,691 - googleapiclient.discovery_cache - INFO - file_cache is only supported with oauth2client<4.0.0
2025-05-20 19:18:56,697 - spotipy.oauth2 - INFO - User authentication requires interaction with your web browser. Once you enter your credentials and give authorization, you will be redirected to a url.  Paste that url you were directed to to complete the authorization.
2025-05-20 19:18:56,890 - spotipy.oauth2 - INFO - Opened https://accounts.spotify.com/authorize?client_id=74c1b98608a4410a802f437c179a2c12&response_type=code&redirect_uri=http%3A%2F%2Flocalhost%3A3000%2Fcallback&scope=playlist-modify-private+playlist-modify-public+playlist-read-private+playlist-read-collaborative&show_dialog=True in your browser
2025-05-20 19:19:06,119 - server - ERROR - Error merging playlists: <HttpError 429 when requesting https://youtube.googleapis.com/youtube/v3/playlists?part=snippet%2Cstatus&alt=json returned "Resource has been exhausted (e.g. check quota).". Details: "[{'domain': 'youtube.api.v3.PlaylistInsertResponse.Error', 'reason': 'RATE_LIMIT_EXCEEDED'}]">
2025-05-20 19:19:06,120 - server - ERROR - API Error: Failed to merge playlists: <HttpError 429 when requesting https://youtube.googleapis.com/youtube/v3/playlists?part=snippet%2Cstatus&alt=json returned "Resource has been exhausted (e.g. check quota).". Details: "[{'domain': 'youtube.api.v3.PlaylistInsertResponse.Error', 'reason': 'RATE_LIMIT_EXCEEDED'}]">
2025-05-20 21:38:48,008 - googleapiclient.discovery_cache - INFO - file_cache is only supported with oauth2client<4.0.0
2025-05-20 21:38:48,014 - spotipy.oauth2 - INFO - User authentication requires interaction with your web browser. Once you enter your credentials and give authorization, you will be redirected to a url.  Paste that url you were directed to to complete the authorization.
2025-05-20 21:38:48,216 - spotipy.oauth2 - INFO - Opened https://accounts.spotify.com/authorize?client_id=74c1b98608a4410a802f437c179a2c12&response_type=code&redirect_uri=http%3A%2F%2Flocalhost%3A3000%2Fcallback&scope=playlist-modify-private+playlist-modify-public+playlist-read-private+playlist-read-collaborative&show_dialog=True in your browser
2025-05-20 21:38:59,790 - server - ERROR - Error merging playlists: <HttpError 429 when requesting https://youtube.googleapis.com/youtube/v3/playlists?part=snippet%2Cstatus&alt=json returned "Resource has been exhausted (e.g. check quota).". Details: "[{'domain': 'youtube.api.v3.PlaylistInsertResponse.Error', 'reason': 'RATE_LIMIT_EXCEEDED'}]">
2025-05-20 21:38:59,790 - server - ERROR - API Error: YouTube API quota exceeded. Please try again later.
2025-05-20 21:54:31,247 - googleapiclient.discovery_cache - INFO - file_cache is only supported with oauth2client<4.0.0
2025-05-20 21:54:31,252 - spotipy.oauth2 - INFO - User authentication requires interaction with your web browser. Once you enter your credentials and give authorization, you will be redirected to a url.  Paste that url you were directed to to complete the authorization.
2025-05-20 21:54:31,292 - spotipy.oauth2 - INFO - Opened https://accounts.spotify.com/authorize?client_id=74c1b98608a4410a802f437c179a2c12&response_type=code&redirect_uri=http%3A%2F%2Flocalhost%3A3000%2Fcallback&scope=playlist-modify-private+playlist-modify-public+playlist-read-private+playlist-read-collaborative&show_dialog=True in your browser
2025-05-20 21:54:40,930 - server - ERROR - Error merging playlists: <HttpError 429 when requesting https://youtube.googleapis.com/youtube/v3/playlists?part=snippet%2Cstatus&alt=json returned "Resource has been exhausted (e.g. check quota).". Details: "[{'domain': 'youtube.api.v3.PlaylistInsertResponse.Error', 'reason': 'RATE_LIMIT_EXCEEDED'}]">
2025-05-20 21:54:40,931 - server - ERROR - API Error: YouTube API quota exceeded. Please try again later.
